
[client] Deleting app...
[client] Provisioning machine...
[client] Preparing system...
[32m[manager] [0mStarting up repository: 'facerecognition-drowsinessdetection', branch: 'main', main module: 'app.py'
[32m[manager] [0mCloning repository...
[32m[manager] [0mCloning into '/app/facerecognition-drowsinessdetection'...

[32m[manager] [0mCloned repository!
[32m[manager] [0mPulling code changes from Github...
[32m[manager] [0mProcessing dependencies...
[32m[manager] [0mapt dependencies were installed from /app/facerecognition-drowsinessdetection/packages.txt using apt-get.
Hit:1 http://deb.debian.org/debian bullseye InRelease
Get:2 http://deb.debian.org/debian bullseye-updates InRelease [39.4 kB]
Get:3 http://security.debian.org/debian-security bullseye-security InRelease [44.1 kB]
Get:4 http://security.debian.org/debian-security stretch/updates InRelease [53.0 kB]
Get:5 https://packages.microsoft.com/debian/10/prod buster InRelease [29.8 kB]
[client] Spinning up manager process...
Get:6 http://security.debian.org/debian-security bullseye-security/main amd64 Packages [124 kB]
Get:7 http://security.debian.org/debian-security stretch/updates/main amd64 Packages [762 kB]
Get:8 https://packages.microsoft.com/debian/10/prod buster/main amd64 Packages [155 kB]
Fetched 1207 kB in 1s (1277 kB/s)
Reading package lists...[2022-04-12 11:01:23.617353] 
Building dependency tree...[2022-04-12 11:01:23.858234] 
Reading state information...[2022-04-12 11:01:23.858862] 
E: Unable to locate package =
E: Unable to locate package 3.21.4
E: Couldn't find any package by glob '3.21.4'
E: Couldn't find any package by regex '3.21.4'
[32m[manager] [0minstaller returned a non-zero exit code
[32m[manager] [0mError during processing dependencies! Please fix the error and push an update, or try restarting the app.
[32m[manager] [0mStreamlit server consistently failed status checks
[32m[manager] [0mPlease fix the errors, push an update to the git repo, or reboot the app.
[32m[manager] [0mPulling code changes from Github...
[32m[manager] [0mProcessing dependencies...
[32m[manager] [0mapt dependencies were installed from /app/facerecognition-drowsinessdetection/packages.txt using apt-get.
Hit:1 http://security.debian.org/debian-security bullseye-security InRelease
Hit:2 http://deb.debian.org/debian bullseye InRelease
Hit:3 http://deb.debian.org/debian bullseye-updates InRelease
Hit:4 http://security.debian.org/debian-security stretch/updates InRelease
Hit:5 https://packages.microsoft.com/debian/10/prod buster InRelease
Reading package lists...[2022-04-12 11:05:16.228251] 
Reading package lists...[2022-04-12 11:05:16.994782] 
Building dependency tree...[2022-04-12 11:05:17.224402] 
Reading state information...[2022-04-12 11:05:17.224876] 
The following additional packages will be installed:
  cmake-data libarchive13 libgpm2 libjsoncpp24 libncurses6 libprocps8
  librhash0 libuv1 procps psmisc
Suggested packages:
  cmake-doc ninja-build lrzip gpm
The following NEW packages will be installed:
  cmake cmake-data libarchive13 libgpm2 libjsoncpp24 libncurses6 libprocps8
  librhash0 libuv1 procps psmisc
0 upgraded, 11 newly installed, 0 to remove and 1 not upgraded.
Need to get 8902 kB of archives.
After this operation, 37.3 MB of additional disk space will be used.
Get:1 http://deb.debian.org/debian bullseye/main amd64 libncurses6 amd64 6.2+20201114-2 [102 kB]
Get:2 http://deb.debian.org/debian bullseye/main amd64 libprocps8 amd64 2:3.3.17-5 [63.9 kB]
Get:3 http://deb.debian.org/debian bullseye/main amd64 procps amd64 2:3.3.17-5 [502 kB]
Get:4 http://deb.debian.org/debian bullseye/main amd64 cmake-data all 3.18.4-2+deb11u1 [1725 kB]
Get:5 http://deb.debian.org/debian bullseye/main amd64 libarchive13 amd64 3.4.3-2+deb11u1 [343 kB]
Get:6 http://deb.debian.org/debian bullseye/main amd64 libjsoncpp24 amd64 1.9.4-4 [78.9 kB]
Get:7 http://deb.debian.org/debian bullseye/main amd64 librhash0 amd64 1.4.1-2 [129 kB]
Get:8 http://deb.debian.org/debian bullseye/main amd64 libuv1 amd64 1.40.0-2 [132 kB]
Get:9 http://deb.debian.org/debian bullseye/main amd64 cmake amd64 3.18.4-2+deb11u1 [5593 kB]
Get:10 http://deb.debian.org/debian bullseye/main amd64 libgpm2 amd64 1.20.7-8 [35.6 kB]
Get:11 http://deb.debian.org/debian bullseye/main amd64 psmisc amd64 23.4-2 [198 kB]
debconf: delaying package configuration, since apt-utils is not installed
Fetched 8902 kB in 0s (51.4 MB/s)
Selecting previously unselected package libncurses6:amd64.
(Reading database ... [2022-04-12 11:05:18.013551] (Reading database ... 5%(Reading database ... 10%(Reading database ... 15%(Reading database ... 20%(Reading database ... 25%(Reading database ... 30%(Reading database ... 35%(Reading database ... 40%(Reading database ... 45%(Reading database ... 50%(Reading database ... 55%(Reading database ... 60%[2022-04-12 11:05:18.015146] (Reading database ... 65%[2022-04-12 11:05:18.018646] (Reading database ... 70%[2022-04-12 11:05:18.021103] (Reading database ... 75%[2022-04-12 11:05:18.023585] (Reading database ... 80%[2022-04-12 11:05:18.024292] (Reading database ... 85%[2022-04-12 11:05:18.025605] (Reading database ... 90%[2022-04-12 11:05:18.027153] (Reading database ... 95%[2022-04-12 11:05:18.030434] (Reading database ... 100%(Reading database ... 21826 files and directories currently installed.)
Preparing to unpack .../00-libncurses6_6.2+20201114-2_amd64.deb ...
Unpacking libncurses6:amd64 (6.2+20201114-2) ...
Selecting previously unselected package libprocps8:amd64.
Preparing to unpack .../01-libprocps8_2%3a3.3.17-5_amd64.deb ...
Unpacking libprocps8:amd64 (2:3.3.17-5) ...
Selecting previously unselected package procps.
Preparing to unpack .../02-procps_2%3a3.3.17-5_amd64.deb ...
Unpacking procps (2:3.3.17-5) ...
Selecting previously unselected package cmake-data.
Preparing to unpack .../03-cmake-data_3.18.4-2+deb11u1_all.deb ...
Unpacking cmake-data (3.18.4-2+deb11u1) ...
Selecting previously unselected package libarchive13:amd64.
Preparing to unpack .../04-libarchive13_3.4.3-2+deb11u1_amd64.deb ...
Unpacking libarchive13:amd64 (3.4.3-2+deb11u1) ...
Selecting previously unselected package libjsoncpp24:amd64.
Preparing to unpack .../05-libjsoncpp24_1.9.4-4_amd64.deb ...
Unpacking libjsoncpp24:amd64 (1.9.4-4) ...
Selecting previously unselected package librhash0:amd64.
Preparing to unpack .../06-librhash0_1.4.1-2_amd64.deb ...
Unpacking librhash0:amd64 (1.4.1-2) ...
Selecting previously unselected package libuv1:amd64.
Preparing to unpack .../07-libuv1_1.40.0-2_amd64.deb ...
Unpacking libuv1:amd64 (1.40.0-2) ...
Selecting previously unselected package cmake.
Preparing to unpack .../08-cmake_3.18.4-2+deb11u1_amd64.deb ...
Unpacking cmake (3.18.4-2+deb11u1) ...
Selecting previously unselected package libgpm2:amd64.
Preparing to unpack .../09-libgpm2_1.20.7-8_amd64.deb ...
Unpacking libgpm2:amd64 (1.20.7-8) ...
Selecting previously unselected package psmisc.
Preparing to unpack .../10-psmisc_23.4-2_amd64.deb ...
Unpacking psmisc (23.4-2) ...
Setting up libgpm2:amd64 (1.20.7-8) ...
Setting up libarchive13:amd64 (3.4.3-2+deb11u1) ...
Setting up psmisc (23.4-2) ...
Setting up libuv1:amd64 (1.40.0-2) ...
Setting up libncurses6:amd64 (6.2+20201114-2) ...
Setting up libjsoncpp24:amd64 (1.9.4-4) ...
Setting up librhash0:amd64 (1.4.1-2) ...
Setting up cmake-data (3.18.4-2+deb11u1) ...
Setting up libprocps8:amd64 (2:3.3.17-5) ...
Setting up procps (2:3.3.17-5) ...
Setting up cmake (3.18.4-2+deb11u1) ...
Processing triggers for libc-bin (2.31-13+deb11u3) ...
Collecting numpy==1.21.3
  Downloading numpy-1.21.3-cp37-cp37m-manylinux_2_12_x86_64.manylinux2010_x86_64.whl (15.7 MB)
     â”â”â”â”â”â”â”â”â”â”â”â”â”â”â”â”â”â”â”â”â”â”â”â”â”â”â”â”â”â”â”â”â”â”â”â”â”â”â” 15.7/15.7 MB 184.7 MB/s eta 0:00:00[2022-04-12 11:05:22.265085] 
Collecting opencv-python==4.5.4.58
  Downloading opencv_python-4.5.4.58-cp37-cp37m-manylinux2014_x86_64.whl (60.3 MB)
     â”â”â”â”â”â”â”â”â”â”â”â”â”â”â”â”â”â”â”â”â”â”â”â”â”â”â”â”â”â”â”â”â”â”â”â”â”â”â” 60.3/60.3 MB 180.1 MB/s eta 0:00:00[2022-04-12 11:05:22.935124] 
Collecting imutils==0.5.4
  Downloading imutils-0.5.4.tar.gz (17 kB)
  Preparing metadata (setup.py): started
  Preparing metadata (setup.py): finished with status 'done'
Collecting cmake==3.21.4
  Downloading cmake-3.21.4-py2.py3-none-manylinux_2_12_x86_64.manylinux2010_x86_64.whl (21.5 MB)
     â”â”â”â”â”â”â”â”â”â”â”â”â”â”â”â”â”â”â”â”â”â”â”â”â”â”â”â”â”â”â”â”â”â”â”â”â”â”â” 21.5/21.5 MB 185.8 MB/s eta 0:00:00[2022-04-12 11:05:25.219496] 
Collecting dlib==19.22.1
  Downloading dlib-19.22.1.tar.gz (7.4 MB)
     â”â”â”â”â”â”â”â”â”â”â”â”â”â”â”â”â”â”â”â”â”â”â”â”â”â”â”â”â”â”â”â”â”â”â”â”â”â”â”â” 7.4/7.4 MB 188.5 MB/s eta 0:00:00[2022-04-12 11:05:25.408776] 
  Preparing metadata (setup.py): started
  Preparing metadata (setup.py): finished with status 'done'
Collecting face-recognition==1.3.0
  Downloading face_recognition-1.3.0-py2.py3-none-any.whl (15 kB)
Collecting scipy==1.7.2
  Downloading scipy-1.7.2-cp37-cp37m-manylinux_2_12_x86_64.manylinux2010_x86_64.whl (38.2 MB)
     â”â”â”â”â”â”â”â”â”â”â”â”â”â”â”â”â”â”â”â”â”â”â”â”â”â”â”â”â”â”â”â”â”â”â”â”â”â”â” 38.2/38.2 MB 184.3 MB/s eta 0:00:00[2022-04-12 11:05:28.674613] 
Collecting tensorflow==2.8.0
  Downloading tensorflow-2.8.0-cp37-cp37m-manylinux2010_x86_64.whl (497.5 MB)
[client] Provisioning machine...
[client] Preparing system...
[client] Spinning up manager process...
     â”â”â”â”â”â”â”â”â”â”â”â”â”â”â”â”â”â”â”â”â”â”â”â”â”â”â”â”â”â”â”â”â”â”â”â”â” 497.5/497.5 MB 191.1 MB/s eta 0:00:00[2022-04-12 11:05:31.845523] 
[client] Provisioning machine...
Collecting streamlit==1.8.1
  Downloading streamlit-1.8.1-py2.py3-none-any.whl (10.1 MB)
     â”â”â”â”â”â”â”â”â”â”â”â”â”â”â”â”â”â”â”â”â”â”â”â”â”â”â”â”â”â”â”â”â”â”â”â”â”â”â” 10.1/10.1 MB 187.6 MB/s eta 0:00:00[2022-04-12 11:05:33.846960] 
Collecting absl-py==1.0.0
  Downloading absl_py-1.0.0-py3-none-any.whl (126 kB)
     â”â”â”â”â”â”â”â”â”â”â”â”â”â”â”â”â”â”â”â”â”â”â”â”â”â”â”â”â”â”â”â”â”â”â”â”â” 126.7/126.7 KB 171.3 MB/s eta 0:00:00[2022-04-12 11:05:33.939582] 
Collecting aioice==0.7.6
  Downloading aioice-0.7.6-py3-none-any.whl (23 kB)
Collecting aiortc==1.3.1
  Downloading aiortc-1.3.1-cp37-cp37m-manylinux_2_17_x86_64.manylinux2014_x86_64.whl (1.9 MB)
     â”â”â”â”â”â”â”â”â”â”â”â”â”â”â”â”â”â”â”â”â”â”â”â”â”â”â”â”â”â”â”â”â”â”â”â”â”â”â”â” 1.9/1.9 MB 172.0 MB/s eta 0:00:00[2022-04-12 11:05:34.120089] 
Collecting altair==4.2.0
  Downloading altair-4.2.0-py3-none-any.whl (812 kB)
     â”â”â”â”â”â”â”â”â”â”â”â”â”â”â”â”â”â”â”â”â”â”â”â”â”â”â”â”â”â”â”â”â”â”â”â”â” 812.8/812.8 KB 196.7 MB/s eta 0:00:00[2022-04-12 11:05:34.183851] 
Collecting argon2-cffi==21.3.0
  Downloading argon2_cffi-21.3.0-py3-none-any.whl (14 kB)
Collecting argon2-cffi-bindings==21.2.0
  Downloading argon2_cffi_bindings-21.2.0-cp36-abi3-manylinux_2_17_x86_64.manylinux2014_x86_64.whl (86 kB)
     â”â”â”â”â”â”â”â”â”â”â”â”â”â”â”â”â”â”â”â”â”â”â”â”â”â”â”â”â”â”â”â”â”â”â”â”â”â”â”â” 86.2/86.2 KB 80.6 MB/s eta 0:00:00[2022-04-12 11:05:34.315012] 
Collecting asttokens==2.0.5
  Downloading asttokens-2.0.5-py2.py3-none-any.whl (20 kB)
Collecting astunparse==1.6.3
[client] Preparing system...
[client] Spinning up manager process...
  Downloading astunparse-1.6.3-py2.py3-none-any.whl (12 kB)
Collecting attrs==21.4.0
  Downloading attrs-21.4.0-py2.py3-none-any.whl (60 kB)
     â”â”â”â”â”â”â”â”â”â”â”â”â”â”â”â”â”â”â”â”â”â”â”â”â”â”â”â”â”â”â”â”â”â”â”â”â”â”â” 60.6/60.6 KB 130.7 MB/s eta 0:00:00[2022-04-12 11:05:34.445549] 
Collecting av==9.1.1
  Downloading av-9.1.1-cp37-cp37m-manylinux_2_17_x86_64.manylinux2014_x86_64.whl (27.2 MB)
     â”â”â”â”â”â”â”â”â”â”â”â”â”â”â”â”â”â”â”â”â”â”â”â”â”â”â”â”â”â”â”â”â”â”â”â”â”â”â” 27.2/27.2 MB 182.8 MB/s eta 0:00:00[2022-04-12 11:05:34.698977] 
Collecting backcall==0.2.0
  Downloading backcall-0.2.0-py2.py3-none-any.whl (11 kB)
Collecting beautifulsoup4==4.10.0
  Downloading beautifulsoup4-4.10.0-py3-none-any.whl (97 kB)
     â”â”â”â”â”â”â”â”â”â”â”â”â”â”â”â”â”â”â”â”â”â”â”â”â”â”â”â”â”â”â”â”â”â”â”â”â”â”â” 97.4/97.4 KB 174.2 MB/s eta 0:00:00[2022-04-12 11:05:34.877090] 
Collecting bleach==4.1.0
  Downloading bleach-4.1.0-py2.py3-none-any.whl (157 kB)
     â”â”â”â”â”â”â”â”â”â”â”â”â”â”â”â”â”â”â”â”â”â”â”â”â”â”â”â”â”â”â”â”â”â”â”â”â” 157.9/157.9 KB 171.2 MB/s eta 0:00:00[2022-04-12 11:05:34.940070] 
Collecting blinker==1.4
  Downloading blinker-1.4.tar.gz (111 kB)
     â”â”â”â”â”â”â”â”â”â”â”â”â”â”â”â”â”â”â”â”â”â”â”â”â”â”â”â”â”â”â”â”â”â”â”â”â” 111.5/111.5 KB 168.5 MB/s eta 0:00:00[2022-04-12 11:05:34.979305] 
  Preparing metadata (setup.py): started
  Preparing metadata (setup.py): finished with status 'done'
Collecting cachetools==5.0.0
  Downloading cachetools-5.0.0-py3-none-any.whl (9.1 kB)
Collecting certifi==2021.10.8
  Downloading certifi-2021.10.8-py2.py3-none-any.whl (149 kB)
     â”â”â”â”â”â”â”â”â”â”â”â”â”â”â”â”â”â”â”â”â”â”â”â”â”â”â”â”â”â”â”â”â”â”â”â”â” 149.2/149.2 KB 161.4 MB/s eta 0:00:00[2022-04-12 11:05:36.515490] 
Collecting cffi==1.15.0
  Downloading cffi-1.15.0-cp37-cp37m-manylinux_2_12_x86_64.manylinux2010_x86_64.whl (427 kB)
     â”â”â”â”â”â”â”â”â”â”â”â”â”â”â”â”â”â”â”â”â”â”â”â”â”â”â”â”â”â”â”â”â”â”â”â”â” 427.1/427.1 KB 194.3 MB/s eta 0:00:00[2022-04-12 11:05:36.800612] 
Collecting charset-normalizer==2.0.12
  Downloading charset_normalizer-2.0.12-py3-none-any.whl (39 kB)
Collecting click==8.0.3
  Downloading click-8.0.3-py3-none-any.whl (97 kB)
     â”â”â”â”â”â”â”â”â”â”â”â”â”â”â”â”â”â”â”â”â”â”â”â”â”â”â”â”â”â”â”â”â”â”â”â”â”â”â” 97.5/97.5 KB 162.5 MB/s eta 0:00:00[2022-04-12 11:05:36.911175] 
Collecting colorama==0.4.4
  Downloading colorama-0.4.4-py2.py3-none-any.whl (16 kB)
Collecting cryptography==36.0.2
  Downloading cryptography-36.0.2-cp36-abi3-manylinux_2_24_x86_64.whl (3.6 MB)
     â”â”â”â”â”â”â”â”â”â”â”â”â”â”â”â”â”â”â”â”â”â”â”â”â”â”â”â”â”â”â”â”â”â”â”â”â”â”â”â” 3.6/3.6 MB 196.4 MB/s eta 0:00:00[2022-04-12 11:05:37.338224] 
Collecting debugpy==1.6.0
  Downloading debugpy-1.6.0-cp37-cp37m-manylinux_2_5_x86_64.manylinux1_x86_64.manylinux_2_12_x86_64.manylinux2010_x86_64.whl (1.8 MB)
     â”â”â”â”â”â”â”â”â”â”â”â”â”â”â”â”â”â”â”â”â”â”â”â”â”â”â”â”â”â”â”â”â”â”â”â”â”â”â”â” 1.8/1.8 MB 199.8 MB/s eta 0:00:00[2022-04-12 11:05:37.613224] 
Collecting decorator==5.1.1
  Downloading decorator-5.1.1-py3-none-any.whl (9.1 kB)
Collecting defusedxml==0.7.1
  Downloading defusedxml-0.7.1-py2.py3-none-any.whl (25 kB)
Collecting dnspython==2.2.1
  Downloading dnspython-2.2.1-py3-none-any.whl (269 kB)
     â”â”â”â”â”â”â”â”â”â”â”â”â”â”â”â”â”â”â”â”â”â”â”â”â”â”â”â”â”â”â”â”â”â”â”â”â” 269.1/269.1 KB 170.3 MB/s eta 0:00:00[2022-04-12 11:05:37.751008] 
Collecting entrypoints==0.4
  Downloading entrypoints-0.4-py3-none-any.whl (5.3 kB)
Collecting executing==0.8.3
  Downloading executing-0.8.3-py2.py3-none-any.whl (16 kB)
Collecting face-recognition-models==0.3.0
  Downloading face_recognition_models-0.3.0.tar.gz (100.1 MB)
     â”â”â”â”â”â”â”â”â”â”â”â”â”â”â”â”â”â”â”â”â”â”â”â”â”â”â”â”â”â”â”â”â”â”â”â”â” 100.1/100.1 MB 182.6 MB/s eta 0:00:00[2022-04-12 11:05:38.415714] 
  Preparing metadata (setup.py): started
  Preparing metadata (setup.py): finished with status 'done'
Collecting fastjsonschema==2.15.3
  Downloading fastjsonschema-2.15.3-py3-none-any.whl (22 kB)
Collecting flatbuffers==2.0
  Downloading flatbuffers-2.0-py2.py3-none-any.whl (26 kB)
Collecting gast==0.5.3
  Downloading gast-0.5.3-py3-none-any.whl (19 kB)
Collecting gitdb==4.0.9
  Downloading gitdb-4.0.9-py3-none-any.whl (63 kB)
     â”â”â”â”â”â”â”â”â”â”â”â”â”â”â”â”â”â”â”â”â”â”â”â”â”â”â”â”â”â”â”â”â”â”â”â”â”â”â” 63.1/63.1 KB 140.1 MB/s eta 0:00:00[2022-04-12 11:05:43.287431] 
Collecting GitPython==3.1.27
  Downloading GitPython-3.1.27-py3-none-any.whl (181 kB)
     â”â”â”â”â”â”â”â”â”â”â”â”â”â”â”â”â”â”â”â”â”â”â”â”â”â”â”â”â”â”â”â”â”â”â”â”â” 181.2/181.2 KB 180.3 MB/s eta 0:00:00[2022-04-12 11:05:43.367257] 
Collecting google-auth==2.6.2
  Downloading google_auth-2.6.2-py2.py3-none-any.whl (156 kB)
     â”â”â”â”â”â”â”â”â”â”â”â”â”â”â”â”â”â”â”â”â”â”â”â”â”â”â”â”â”â”â”â”â”â”â”â”â” 156.5/156.5 KB 115.6 MB/s eta 0:00:00
Collecting google-auth-oauthlib==0.4.6
  Downloading google_auth_oauthlib-0.4.6-py2.py3-none-any.whl (18 kB)
Collecting google-crc32c==1.3.0
  Downloading google_crc32c-1.3.0-cp37-cp37m-manylinux_2_12_x86_64.manylinux2010_x86_64.whl (38 kB)
Collecting google-pasta==0.2.0
  Downloading google_pasta-0.2.0-py3-none-any.whl (57 kB)
     â”â”â”â”â”â”â”â”â”â”â”â”â”â”â”â”â”â”â”â”â”â”â”â”â”â”â”â”â”â”â”â”â”â”â”â”â”â”â” 57.5/57.5 KB 133.9 MB/s eta 0:00:00[2022-04-12 11:05:43.703303] 
Collecting grpcio==1.44.0
  Downloading grpcio-1.44.0-cp37-cp37m-manylinux_2_17_x86_64.manylinux2014_x86_64.whl (4.3 MB)
     â”â”â”â”â”â”â”â”â”â”â”â”â”â”â”â”â”â”â”â”â”â”â”â”â”â”â”â”â”â”â”â”â”â”â”â”â”â”â”â” 4.3/4.3 MB 199.2 MB/s eta 0:00:00[2022-04-12 11:05:44.671443] 
Collecting h5py==3.6.0
  Downloading h5py-3.6.0-cp37-cp37m-manylinux_2_12_x86_64.manylinux2010_x86_64.whl (4.1 MB)
     â”â”â”â”â”â”â”â”â”â”â”â”â”â”â”â”â”â”â”â”â”â”â”â”â”â”â”â”â”â”â”â”â”â”â”â”â”â”â”â” 4.1/4.1 MB 200.3 MB/s eta 0:00:00[2022-04-12 11:05:44.829208] 
Collecting idna==3.3
  Downloading idna-3.3-py3-none-any.whl (61 kB)
     â”â”â”â”â”â”â”â”â”â”â”â”â”â”â”â”â”â”â”â”â”â”â”â”â”â”â”â”â”â”â”â”â”â”â”â”â”â”â” 61.2/61.2 KB 156.2 MB/s eta 0:00:00[2022-04-12 11:05:44.888293] 
Collecting importlib-metadata==4.11.3
  Downloading importlib_metadata-4.11.3-py3-none-any.whl (18 kB)
Collecting ipykernel==6.12.1
  Downloading ipykernel-6.12.1-py3-none-any.whl (130 kB)
     â”â”â”â”â”â”â”â”â”â”â”â”â”â”â”â”â”â”â”â”â”â”â”â”â”â”â”â”â”â”â”â”â”â”â”â”â” 130.9/130.9 KB 179.3 MB/s eta 0:00:00[2022-04-12 11:05:45.094233] 
Collecting ipython-genutils==0.2.0
  Downloading ipython_genutils-0.2.0-py2.py3-none-any.whl (26 kB)
Collecting ipywidgets==7.7.0
  Downloading ipywidgets-7.7.0-py2.py3-none-any.whl (123 kB)
     â”â”â”â”â”â”â”â”â”â”â”â”â”â”â”â”â”â”â”â”â”â”â”â”â”â”â”â”â”â”â”â”â”â”â”â”â” 123.4/123.4 KB 165.5 MB/s eta 0:00:00[2022-04-12 11:05:45.208681] 
Collecting jedi==0.18.1
  Downloading jedi-0.18.1-py2.py3-none-any.whl (1.6 MB)
     â”â”â”â”â”â”â”â”â”â”â”â”â”â”â”â”â”â”â”â”â”â”â”â”â”â”â”â”â”â”â”â”â”â”â”â”â”â”â”â” 1.6/1.6 MB 201.4 MB/s eta 0:00:00[2022-04-12 11:05:45.275012] 
Collecting Jinja2==3.1.1
  Downloading Jinja2-3.1.1-py3-none-any.whl (132 kB)
     â”â”â”â”â”â”â”â”â”â”â”â”â”â”â”â”â”â”â”â”â”â”â”â”â”â”â”â”â”â”â”â”â”â”â”â”â” 132.6/132.6 KB 167.8 MB/s eta 0:00:00[2022-04-12 11:05:45.359498] 
Collecting jsonschema==4.4.0
  Downloading jsonschema-4.4.0-py3-none-any.whl (72 kB)
     â”â”â”â”â”â”â”â”â”â”â”â”â”â”â”â”â”â”â”â”â”â”â”â”â”â”â”â”â”â”â”â”â”â”â”â”â”â”â” 72.7/72.7 KB 137.0 MB/s eta 0:00:00[2022-04-12 11:05:45.420193] 
Collecting jupyter-client==7.2.1
  Downloading jupyter_client-7.2.1-py3-none-any.whl (130 kB)
     â”â”â”â”â”â”â”â”â”â”â”â”â”â”â”â”â”â”â”â”â”â”â”â”â”â”â”â”â”â”â”â”â”â”â”â”â” 130.4/130.4 KB 151.9 MB/s eta 0:00:00[2022-04-12 11:05:45.498258] 
Collecting jupyter-core==4.9.2
  Downloading jupyter_core-4.9.2-py3-none-any.whl (86 kB)
     â”â”â”â”â”â”â”â”â”â”â”â”â”â”â”â”â”â”â”â”â”â”â”â”â”â”â”â”â”â”â”â”â”â”â”â”â”â”â” 86.9/86.9 KB 153.8 MB/s eta 0:00:00[2022-04-12 11:05:45.560209] 
Collecting jupyterlab-pygments==0.1.2
  Downloading jupyterlab_pygments-0.1.2-py2.py3-none-any.whl (4.6 kB)
Collecting jupyterlab-widgets==1.1.0
  Downloading jupyterlab_widgets-1.1.0-py3-none-any.whl (245 kB)
     â”â”â”â”â”â”â”â”â”â”â”â”â”â”â”â”â”â”â”â”â”â”â”â”â”â”â”â”â”â”â”â”â”â”â”â”â” 245.1/245.1 KB 180.7 MB/s eta 0:00:00[2022-04-12 11:05:45.655522] 
Collecting keras==2.8.0
  Downloading keras-2.8.0-py2.py3-none-any.whl (1.4 MB)
     â”â”â”â”â”â”â”â”â”â”â”â”â”â”â”â”â”â”â”â”â”â”â”â”â”â”â”â”â”â”â”â”â”â”â”â”â”â”â”â” 1.4/1.4 MB 200.4 MB/s eta 0:00:00[2022-04-12 11:05:45.715202] 
Collecting Keras-Preprocessing==1.1.2
  Downloading Keras_Preprocessing-1.1.2-py2.py3-none-any.whl (42 kB)
     â”â”â”â”â”â”â”â”â”â”â”â”â”â”â”â”â”â”â”â”â”â”â”â”â”â”â”â”â”â”â”â”â”â”â”â”â”â”â” 42.6/42.6 KB 121.7 MB/s eta 0:00:00[2022-04-12 11:05:45.765749] 
Collecting libclang==13.0.0
  Downloading libclang-13.0.0-py2.py3-none-manylinux1_x86_64.whl (14.5 MB)
     â”â”â”â”â”â”â”â”â”â”â”â”â”â”â”â”â”â”â”â”â”â”â”â”â”â”â”â”â”â”â”â”â”â”â”â”â”â”â” 14.5/14.5 MB 192.2 MB/s eta 0:00:00
Collecting Markdown==3.3.6
  Downloading Markdown-3.3.6-py3-none-any.whl (97 kB)
     â”â”â”â”â”â”â”â”â”â”â”â”â”â”â”â”â”â”â”â”â”â”â”â”â”â”â”â”â”â”â”â”â”â”â”â”â”â”â” 97.8/97.8 KB 152.9 MB/s eta 0:00:00[2022-04-12 11:05:45.988972] 
Collecting MarkupSafe==2.1.1
  Downloading MarkupSafe-2.1.1-cp37-cp37m-manylinux_2_17_x86_64.manylinux2014_x86_64.whl (25 kB)
Collecting matplotlib-inline==0.1.3
  Downloading matplotlib_inline-0.1.3-py3-none-any.whl (8.2 kB)
Collecting mistune==0.8.4
  Downloading mistune-0.8.4-py2.py3-none-any.whl (16 kB)
Collecting nbclient==0.5.13
  Downloading nbclient-0.5.13-py3-none-any.whl (70 kB)
     â”â”â”â”â”â”â”â”â”â”â”â”â”â”â”â”â”â”â”â”â”â”â”â”â”â”â”â”â”â”â”â”â”â”â”â”â”â”â” 70.6/70.6 KB 148.9 MB/s eta 0:00:00[2022-04-12 11:05:46.229534] 
Collecting nbconvert==6.4.5
  Downloading nbconvert-6.4.5-py3-none-any.whl (561 kB)
     â”â”â”â”â”â”â”â”â”â”â”â”â”â”â”â”â”â”â”â”â”â”â”â”â”â”â”â”â”â”â”â”â”â”â”â”â” 561.4/561.4 KB 199.5 MB/s eta 0:00:00[2022-04-12 11:05:46.302599] 
Collecting nbformat==5.3.0
  Downloading nbformat-5.3.0-py3-none-any.whl (73 kB)
     â”â”â”â”â”â”â”â”â”â”â”â”â”â”â”â”â”â”â”â”â”â”â”â”â”â”â”â”â”â”â”â”â”â”â”â”â”â”â” 73.2/73.2 KB 148.9 MB/s eta 0:00:00[2022-04-12 11:05:46.353111] 
Collecting nest-asyncio==1.5.5
  Downloading nest_asyncio-1.5.5-py3-none-any.whl (5.2 kB)
Collecting netifaces==0.11.0
  Downloading netifaces-0.11.0-cp37-cp37m-manylinux_2_5_x86_64.manylinux1_x86_64.whl (32 kB)
Collecting notebook==6.4.10
  Downloading notebook-6.4.10-py3-none-any.whl (9.9 MB)
     â”â”â”â”â”â”â”â”â”â”â”â”â”â”â”â”â”â”â”â”â”â”â”â”â”â”â”â”â”â”â”â”â”â”â”â”â”â”â”â” 9.9/9.9 MB 192.0 MB/s eta 0:00:00[2022-04-12 11:05:46.594168] 
Collecting oauthlib==3.2.0
  Downloading oauthlib-3.2.0-py3-none-any.whl (151 kB)
     â”â”â”â”â”â”â”â”â”â”â”â”â”â”â”â”â”â”â”â”â”â”â”â”â”â”â”â”â”â”â”â”â”â”â”â”â” 151.5/151.5 KB 179.5 MB/s eta 0:00:00[2022-04-12 11:05:46.689674] 
Collecting opt-einsum==3.3.0
  Downloading opt_einsum-3.3.0-py3-none-any.whl (65 kB)
     â”â”â”â”â”â”â”â”â”â”â”â”â”â”â”â”â”â”â”â”â”â”â”â”â”â”â”â”â”â”â”â”â”â”â”â”â”â”â” 65.5/65.5 KB 145.6 MB/s eta 0:00:00[2022-04-12 11:05:46.731140] 
Collecting packaging==21.3
  Downloading packaging-21.3-py3-none-any.whl (40 kB)
     â”â”â”â”â”â”â”â”â”â”â”â”â”â”â”â”â”â”â”â”â”â”â”â”â”â”â”â”â”â”â”â”â”â”â”â”â”â”â” 40.8/40.8 KB 128.8 MB/s eta 0:00:00[2022-04-12 11:05:46.792945] 
Collecting pandas==1.3.5
  Downloading pandas-1.3.5-cp37-cp37m-manylinux_2_17_x86_64.manylinux2014_x86_64.whl (11.3 MB)
     â”â”â”â”â”â”â”â”â”â”â”â”â”â”â”â”â”â”â”â”â”â”â”â”â”â”â”â”â”â”â”â”â”â”â”â”â”â”â” 11.3/11.3 MB 186.5 MB/s eta 0:00:00[2022-04-12 11:05:47.121564] 
Collecting pandocfilters==1.5.0
  Downloading pandocfilters-1.5.0-py2.py3-none-any.whl (8.7 kB)
Collecting parso==0.8.3
  Downloading parso-0.8.3-py2.py3-none-any.whl (100 kB)
     â”â”â”â”â”â”â”â”â”â”â”â”â”â”â”â”â”â”â”â”â”â”â”â”â”â”â”â”â”â”â”â”â”â”â”â”â” 100.8/100.8 KB 162.9 MB/s eta 0:00:00[2022-04-12 11:05:47.260788] 
Collecting pickleshare==0.7.5
  Downloading pickleshare-0.7.5-py2.py3-none-any.whl (6.9 kB)
Collecting Pillow==8.4.0
  Downloading Pillow-8.4.0-cp37-cp37m-manylinux_2_17_x86_64.manylinux2014_x86_64.whl (3.1 MB)
     â”â”â”â”â”â”â”â”â”â”â”â”â”â”â”â”â”â”â”â”â”â”â”â”â”â”â”â”â”â”â”â”â”â”â”â”â”â”â”â” 3.1/3.1 MB 198.1 MB/s eta 0:00:00[2022-04-12 11:05:47.714142] 
Collecting pip==22.0.4
  Downloading pip-22.0.4-py3-none-any.whl (2.1 MB)
     â”â”â”â”â”â”â”â”â”â”â”â”â”â”â”â”â”â”â”â”â”â”â”â”â”â”â”â”â”â”â”â”â”â”â”â”â”â”â”â” 2.1/2.1 MB 205.3 MB/s eta 0:00:00[2022-04-12 11:05:47.838669] 
Collecting playsound==1.3.0
  Downloading playsound-1.3.0.tar.gz (7.7 kB)
  Preparing metadata (setup.py): started
  Preparing metadata (setup.py): finished with status 'done'
Collecting prometheus-client==0.14.0
  Downloading prometheus_client-0.14.0-py3-none-any.whl (59 kB)
     â”â”â”â”â”â”â”â”â”â”â”â”â”â”â”â”â”â”â”â”â”â”â”â”â”â”â”â”â”â”â”â”â”â”â”â”â”â”â” 59.4/59.4 KB 108.4 MB/s eta 0:00:00[2022-04-12 11:05:49.261741] 
Collecting prompt-toolkit==3.0.29
  Downloading prompt_toolkit-3.0.29-py3-none-any.whl (381 kB)
     â”â”â”â”â”â”â”â”â”â”â”â”â”â”â”â”â”â”â”â”â”â”â”â”â”â”â”â”â”â”â”â”â”â”â”â”â” 381.5/381.5 KB 192.4 MB/s eta 0:00:00[2022-04-12 11:05:49.436457] 
Collecting protobuf==3.20.0
  Downloading protobuf-3.20.0-cp37-cp37m-manylinux_2_5_x86_64.manylinux1_x86_64.whl (1.0 MB)
     â”â”â”â”â”â”â”â”â”â”â”â”â”â”â”â”â”â”â”â”â”â”â”â”â”â”â”â”â”â”â”â”â”â”â”â”â”â”â”â” 1.0/1.0 MB 194.4 MB/s eta 0:00:00[2022-04-12 11:05:49.767163] 
Collecting psutil==5.9.0
  Downloading psutil-5.9.0-cp37-cp37m-manylinux_2_12_x86_64.manylinux2010_x86_64.manylinux_2_17_x86_64.manylinux2014_x86_64.whl (280 kB)
     â”â”â”â”â”â”â”â”â”â”â”â”â”â”â”â”â”â”â”â”â”â”â”â”â”â”â”â”â”â”â”â”â”â”â”â”â” 280.7/280.7 KB 180.2 MB/s eta 0:00:00[2022-04-12 11:05:49.978427] 
Collecting pure-eval==0.2.2
  Downloading pure_eval-0.2.2-py3-none-any.whl (11 kB)
Collecting pyarrow==7.0.0
  Downloading pyarrow-7.0.0-cp37-cp37m-manylinux_2_17_x86_64.manylinux2014_x86_64.whl (26.7 MB)
     â”â”â”â”â”â”â”â”â”â”â”â”â”â”â”â”â”â”â”â”â”â”â”â”â”â”â”â”â”â”â”â”â”â”â”â”â”â”â” 26.7/26.7 MB 191.9 MB/s eta 0:00:00[2022-04-12 11:05:50.294689] 
Collecting pyasn1==0.4.8
  Downloading pyasn1-0.4.8-py2.py3-none-any.whl (77 kB)
     â”â”â”â”â”â”â”â”â”â”â”â”â”â”â”â”â”â”â”â”â”â”â”â”â”â”â”â”â”â”â”â”â”â”â”â”â”â”â” 77.1/77.1 KB 147.1 MB/s eta 0:00:00[2022-04-12 11:05:50.470850] 
Collecting pyasn1-modules==0.2.8
  Downloading pyasn1_modules-0.2.8-py2.py3-none-any.whl (155 kB)
     â”â”â”â”â”â”â”â”â”â”â”â”â”â”â”â”â”â”â”â”â”â”â”â”â”â”â”â”â”â”â”â”â”â”â”â”â” 155.3/155.3 KB 175.1 MB/s eta 0:00:00[2022-04-12 11:05:50.537259] 
Collecting pycparser==2.21
  Downloading pycparser-2.21-py2.py3-none-any.whl (118 kB)
     â”â”â”â”â”â”â”â”â”â”â”â”â”â”â”â”â”â”â”â”â”â”â”â”â”â”â”â”â”â”â”â”â”â”â”â”â” 118.7/118.7 KB 163.0 MB/s eta 0:00:00[2022-04-12 11:05:50.579597] 
Collecting pydeck==0.7.1
  Downloading pydeck-0.7.1-py2.py3-none-any.whl (4.3 MB)
     â”â”â”â”â”â”â”â”â”â”â”â”â”â”â”â”â”â”â”â”â”â”â”â”â”â”â”â”â”â”â”â”â”â”â”â”â”â”â”â” 4.3/4.3 MB 197.0 MB/s eta 0:00:00[2022-04-12 11:05:50.658008] 
Collecting pyee==9.0.4
  Downloading pyee-9.0.4-py2.py3-none-any.whl (14 kB)
Collecting Pygments==2.11.2
  Downloading Pygments-2.11.2-py3-none-any.whl (1.1 MB)
     â”â”â”â”â”â”â”â”â”â”â”â”â”â”â”â”â”â”â”â”â”â”â”â”â”â”â”â”â”â”â”â”â”â”â”â”â”â”â”â” 1.1/1.1 MB 203.1 MB/s eta 0:00:00[2022-04-12 11:05:50.785164] 
Collecting pylibsrtp==0.7.1
  Downloading pylibsrtp-0.7.1-cp37-cp37m-manylinux_2_17_x86_64.manylinux2014_x86_64.whl (71 kB)
     â”â”â”â”â”â”â”â”â”â”â”â”â”â”â”â”â”â”â”â”â”â”â”â”â”â”â”â”â”â”â”â”â”â”â”â”â”â”â” 71.0/71.0 KB 158.0 MB/s eta 0:00:00[2022-04-12 11:05:50.874704] 
Collecting Pympler==1.0.1
  Downloading Pympler-1.0.1-py3-none-any.whl (164 kB)
     â”â”â”â”â”â”â”â”â”â”â”â”â”â”â”â”â”â”â”â”â”â”â”â”â”â”â”â”â”â”â”â”â”â”â”â”â” 164.8/164.8 KB 157.0 MB/s eta 0:00:00[2022-04-12 11:05:50.916759] 
Collecting pyparsing==3.0.7
  Downloading pyparsing-3.0.7-py3-none-any.whl (98 kB)
     â”â”â”â”â”â”â”â”â”â”â”â”â”â”â”â”â”â”â”â”â”â”â”â”â”â”â”â”â”â”â”â”â”â”â”â”â”â”â” 98.0/98.0 KB 150.4 MB/s eta 0:00:00[2022-04-12 11:05:50.999526] 
Collecting pyrsistent==0.18.1
  Downloading pyrsistent-0.18.1-cp37-cp37m-manylinux_2_17_x86_64.manylinux2014_x86_64.whl (117 kB)
     â”â”â”â”â”â”â”â”â”â”â”â”â”â”â”â”â”â”â”â”â”â”â”â”â”â”â”â”â”â”â”â”â”â”â”â”â” 117.1/117.1 KB 170.1 MB/s eta 0:00:00[2022-04-12 11:05:51.060021] 
Collecting python-dateutil==2.8.2
  Downloading python_dateutil-2.8.2-py2.py3-none-any.whl (247 kB)
     â”â”â”â”â”â”â”â”â”â”â”â”â”â”â”â”â”â”â”â”â”â”â”â”â”â”â”â”â”â”â”â”â”â”â”â”â” 247.7/247.7 KB 187.6 MB/s eta 0:00:00[2022-04-12 11:05:51.114989] 
Collecting pytz==2022.1
  Downloading pytz-2022.1-py2.py3-none-any.whl (503 kB)
     â”â”â”â”â”â”â”â”â”â”â”â”â”â”â”â”â”â”â”â”â”â”â”â”â”â”â”â”â”â”â”â”â”â”â”â”â” 503.5/503.5 KB 189.2 MB/s eta 0:00:00[2022-04-12 11:05:51.236455] 
Collecting pytz-deprecation-shim==0.1.0.post0
  Downloading pytz_deprecation_shim-0.1.0.post0-py2.py3-none-any.whl (15 kB)
Collecting requests==2.27.1
  Downloading requests-2.27.1-py2.py3-none-any.whl (63 kB)
     â”â”â”â”â”â”â”â”â”â”â”â”â”â”â”â”â”â”â”â”â”â”â”â”â”â”â”â”â”â”â”â”â”â”â”â”â”â”â” 63.1/63.1 KB 144.5 MB/s eta 0:00:00[2022-04-12 11:05:51.361002] 
Collecting requests-oauthlib==1.3.1
  Downloading requests_oauthlib-1.3.1-py2.py3-none-any.whl (23 kB)
Collecting rsa==4.8
  Downloading rsa-4.8-py3-none-any.whl (39 kB)
Collecting semver==2.13.0
  Downloading semver-2.13.0-py2.py3-none-any.whl (12 kB)
Collecting Send2Trash==1.8.0
  Downloading Send2Trash-1.8.0-py3-none-any.whl (18 kB)
Collecting setuptools==60.9.3
  Downloading setuptools-60.9.3-py3-none-any.whl (1.1 MB)
     â”â”â”â”â”â”â”â”â”â”â”â”â”â”â”â”â”â”â”â”â”â”â”â”â”â”â”â”â”â”â”â”â”â”â”â”â”â”â”â” 1.1/1.1 MB 190.4 MB/s eta 0:00:00[2022-04-12 11:05:51.906047] 
Collecting six==1.16.0
  Downloading six-1.16.0-py2.py3-none-any.whl (11 kB)
Collecting smmap==5.0.0
  Downloading smmap-5.0.0-py3-none-any.whl (24 kB)
Collecting soupsieve==2.3.1
  Downloading soupsieve-2.3.1-py3-none-any.whl (37 kB)
Collecting stack-data==0.2.0
  Downloading stack_data-0.2.0-py3-none-any.whl (21 kB)
Collecting streamlit-webrtc==0.36.1
  Downloading streamlit_webrtc-0.36.1-py3-none-any.whl (856 kB)
     â”â”â”â”â”â”â”â”â”â”â”â”â”â”â”â”â”â”â”â”â”â”â”â”â”â”â”â”â”â”â”â”â”â”â”â”â” 856.6/856.6 KB 199.1 MB/s eta 0:00:00[2022-04-12 11:05:52.171497] 
Collecting tensorboard==2.8.0
  Downloading tensorboard-2.8.0-py3-none-any.whl (5.8 MB)
     â”â”â”â”â”â”â”â”â”â”â”â”â”â”â”â”â”â”â”â”â”â”â”â”â”â”â”â”â”â”â”â”â”â”â”â”â”â”â”â” 5.8/5.8 MB 187.4 MB/s eta 0:00:00[2022-04-12 11:05:52.267822] 
Collecting tensorboard-data-server==0.6.1
  Downloading tensorboard_data_server-0.6.1-py3-none-manylinux2010_x86_64.whl (4.9 MB)
     â”â”â”â”â”â”â”â”â”â”â”â”â”â”â”â”â”â”â”â”â”â”â”â”â”â”â”â”â”â”â”â”â”â”â”â”â”â”â”â” 4.9/4.9 MB 192.2 MB/s eta 0:00:00[2022-04-12 11:05:52.358530] 
Collecting tensorboard-plugin-wit==1.8.1
  Downloading tensorboard_plugin_wit-1.8.1-py3-none-any.whl (781 kB)
     â”â”â”â”â”â”â”â”â”â”â”â”â”â”â”â”â”â”â”â”â”â”â”â”â”â”â”â”â”â”â”â”â”â”â”â”â” 781.3/781.3 KB 189.2 MB/s eta 0:00:00[2022-04-12 11:05:52.420488] 
Collecting tensorflow-io-gcs-filesystem==0.24.0
  Downloading tensorflow_io_gcs_filesystem-0.24.0-cp37-cp37m-manylinux_2_12_x86_64.manylinux2010_x86_64.whl (2.1 MB)
     â”â”â”â”â”â”â”â”â”â”â”â”â”â”â”â”â”â”â”â”â”â”â”â”â”â”â”â”â”â”â”â”â”â”â”â”â”â”â”â” 2.1/2.1 MB 202.8 MB/s eta 0:00:00[2022-04-12 11:05:52.503657] 
Collecting termcolor==1.1.0
  Downloading termcolor-1.1.0.tar.gz (3.9 kB)
  Preparing metadata (setup.py): started
  Preparing metadata (setup.py): finished with status 'done'
Collecting terminado==0.13.3
  Downloading terminado-0.13.3-py3-none-any.whl (14 kB)
Collecting testpath==0.6.0
  Downloading testpath-0.6.0-py3-none-any.whl (83 kB)
     â”â”â”â”â”â”â”â”â”â”â”â”â”â”â”â”â”â”â”â”â”â”â”â”â”â”â”â”â”â”â”â”â”â”â”â”â”â”â” 83.9/83.9 KB 156.7 MB/s eta 0:00:00[2022-04-12 11:05:53.962483] 
Collecting tf-estimator-nightly==2.8.0.dev2021122109
  Downloading tf_estimator_nightly-2.8.0.dev2021122109-py2.py3-none-any.whl (462 kB)
     â”â”â”â”â”â”â”â”â”â”â”â”â”â”â”â”â”â”â”â”â”â”â”â”â”â”â”â”â”â”â”â”â”â”â”â”â” 462.5/462.5 KB 191.5 MB/s eta 0:00:00[2022-04-12 11:05:54.303818] 
Collecting toml==0.10.2
  Downloading toml-0.10.2-py2.py3-none-any.whl (16 kB)
Collecting toolz==0.11.2
  Downloading toolz-0.11.2-py3-none-any.whl (55 kB)
     â”â”â”â”â”â”â”â”â”â”â”â”â”â”â”â”â”â”â”â”â”â”â”â”â”â”â”â”â”â”â”â”â”â”â”â”â”â”â” 55.8/55.8 KB 128.0 MB/s eta 0:00:00[2022-04-12 11:05:54.384586] 
[32m[manager] [0mStarting up repository: 'facerecognition-drowsinessdetection', branch: 'main', main module: 'app.py'
[32m[manager] [0mCloning repository...
[32m[manager] [0mCloning into '/app/facerecognition-drowsinessdetection'...

[32m[manager] [0mCloned repository!
[32m[manager] [0mPulling code changes from Github...
[32m[manager] [0mProcessing dependencies...
[32m[manager] [0mapt dependencies were installed from /app/facerecognition-drowsinessdetection/packages.txt using apt-get.
Get:1 http://security.debian.org/debian-security bullseye-security InRelease [44.1 kB]
Get:2 http://security.debian.org/debian-security stretch/updates InRelease [53.0 kB]
Hit:3 http://deb.debian.org/debian bullseye InRelease
Get:4 http://deb.debian.org/debian bullseye-updates InRelease [39.4 kB]
Get:5 http://security.debian.org/debian-security bullseye-security/main amd64 Packages [124 kB]
Get:6 https://packages.microsoft.com/debian/10/prod buster InRelease [29.8 kB]
Get:7 http://security.debian.org/debian-security stretch/updates/main amd64 Packages [762 kB]
Get:8 https://packages.microsoft.com/debian/10/prod buster/main amd64 Packages [155 kB]
Fetched 1207 kB in 1s (1498 kB/s)
Reading package lists...[2022-04-12 11:05:52.799967] 
Reading package lists...[2022-04-12 11:05:53.512095] 
Building dependency tree...[2022-04-12 11:05:53.705355] 
Reading state information...[2022-04-12 11:05:53.705714] 
The following additional packages will be installed:
  cmake-data libarchive13 libgpm2 libjsoncpp24 libncurses6 libprocps8
  librhash0 libuv1 procps psmisc
Suggested packages:
  cmake-doc ninja-build lrzip gpm
The following NEW packages will be installed:
  cmake cmake-data libarchive13 libgpm2 libjsoncpp24 libncurses6 libprocps8
  librhash0 libuv1 procps psmisc
0 upgraded, 11 newly installed, 0 to remove and 1 not upgraded.
Need to get 8902 kB of archives.
After this operation, 37.3 MB of additional disk space will be used.
Get:1 http://deb.debian.org/debian bullseye/main amd64 libncurses6 amd64 6.2+20201114-2 [102 kB]
Get:2 http://deb.debian.org/debian bullseye/main amd64 libprocps8 amd64 2:3.3.17-5 [63.9 kB]
Get:3 http://deb.debian.org/debian bullseye/main amd64 procps amd64 2:3.3.17-5 [502 kB]
Get:4 http://deb.debian.org/debian bullseye/main amd64 cmake-data all 3.18.4-2+deb11u1 [1725 kB]
Get:5 http://deb.debian.org/debian bullseye/main amd64 libarchive13 amd64 3.4.3-2+deb11u1 [343 kB]
Get:6 http://deb.debian.org/debian bullseye/main amd64 libjsoncpp24 amd64 1.9.4-4 [78.9 kB]
Get:7 http://deb.debian.org/debian bullseye/main amd64 librhash0 amd64 1.4.1-2 [129 kB]
Get:8 http://deb.debian.org/debian bullseye/main amd64 libuv1 amd64 1.40.0-2 [132 kB]
Get:9 http://deb.debian.org/debian bullseye/main amd64 cmake amd64 3.18.4-2+deb11u1 [5593 kB]
Get:10 http://deb.debian.org/debian bullseye/main amd64 libgpm2 amd64 1.20.7-8 [35.6 kB]
Get:11 http://deb.debian.org/debian bullseye/main amd64 psmisc amd64 23.4-2 [198 kB]
debconf: delaying package configuration, since apt-utils is not installed
Fetched 8902 kB in 0s (61.5 MB/s)
Selecting previously unselected package libncurses6:amd64.
(Reading database ... [2022-04-12 11:05:54.383174] (Reading database ... 5%(Reading database ... 10%(Reading database ... 15%(Reading database ... 20%(Reading database ... 25%(Reading database ... 30%(Reading database ... 35%(Reading database ... 40%(Reading database ... 45%(Reading database ... 50%(Reading database ... 55%(Reading database ... 60%[2022-04-12 11:05:54.384265] (Reading database ... 65%[2022-04-12 11:05:54.386879] (Reading database ... 70%[2022-04-12 11:05:54.387622] (Reading database ... 75%[2022-04-12 11:05:54.388660] (Reading database ... 80%[2022-04-12 11:05:54.390227] (Reading database ... 85%[2022-04-12 11:05:54.392565] (Reading database ... 90%[2022-04-12 11:05:54.393610] (Reading database ... 95%[2022-04-12 11:05:54.395309] (Reading database ... 100%(Reading database ... 21826 files and directories currently installed.)
Preparing to unpack .../00-libncurses6_6.2+20201114-2_amd64.deb ...
Unpacking libncurses6:amd64 (6.2+20201114-2) ...
Selecting previously unselected package libprocps8:amd64.
Preparing to unpack .../01-libprocps8_2%3a3.3.17-5_amd64.deb ...
Unpacking libprocps8:amd64 (2:3.3.17-5) ...
Selecting previously unselected package procps.
Preparing to unpack .../02-procps_2%3a3.3.17-5_amd64.deb ...
Unpacking procps (2:3.3.17-5) ...
Selecting previously unselected package cmake-data.
Preparing to unpack .../03-cmake-data_3.18.4-2+deb11u1_all.deb ...
Unpacking cmake-data (3.18.4-2+deb11u1) ...
Selecting previously unselected package libarchive13:amd64.
Preparing to unpack .../04-libarchive13_3.4.3-2+deb11u1_amd64.deb ...
Unpacking libarchive13:amd64 (3.4.3-2+deb11u1) ...
Selecting previously unselected package libjsoncpp24:amd64.
Preparing to unpack .../05-libjsoncpp24_1.9.4-4_amd64.deb ...
Unpacking libjsoncpp24:amd64 (1.9.4-4) ...
Selecting previously unselected package librhash0:amd64.
Preparing to unpack .../06-librhash0_1.4.1-2_amd64.deb ...
Unpacking librhash0:amd64 (1.4.1-2) ...
Selecting previously unselected package libuv1:amd64.
Preparing to unpack .../07-libuv1_1.40.0-2_amd64.deb ...
Unpacking libuv1:amd64 (1.40.0-2) ...
Selecting previously unselected package cmake.
Preparing to unpack .../08-cmake_3.18.4-2+deb11u1_amd64.deb ...
Unpacking cmake (3.18.4-2+deb11u1) ...
Selecting previously unselected package libgpm2:amd64.
Preparing to unpack .../09-libgpm2_1.20.7-8_amd64.deb ...
Unpacking libgpm2:amd64 (1.20.7-8) ...
Selecting previously unselected package psmisc.
Preparing to unpack .../10-psmisc_23.4-2_amd64.deb ...
Unpacking psmisc (23.4-2) ...
Setting up libgpm2:amd64 (1.20.7-8) ...
Setting up libarchive13:amd64 (3.4.3-2+deb11u1) ...
Setting up psmisc (23.4-2) ...
Setting up libuv1:amd64 (1.40.0-2) ...
Setting up libncurses6:amd64 (6.2+20201114-2) ...
Setting up libjsoncpp24:amd64 (1.9.4-4) ...
Setting up librhash0:amd64 (1.4.1-2) ...
Setting up cmake-data (3.18.4-2+deb11u1) ...
Setting up libprocps8:amd64 (2:3.3.17-5) ...
Setting up procps (2:3.3.17-5) ...
Setting up cmake (3.18.4-2+deb11u1) ...
Processing triggers for libc-bin (2.31-13+deb11u3) ...
Collecting numpy==1.21.3
  Downloading numpy-1.21.3-cp37-cp37m-manylinux_2_12_x86_64.manylinux2010_x86_64.whl (15.7 MB)
     â”â”â”â”â”â”â”â”â”â”â”â”â”â”â”â”â”â”â”â”â”â”â”â”â”â”â”â”â”â”â”â”â”â”â”â”â”â”â” 15.7/15.7 MB 190.5 MB/s eta 0:00:00[2022-04-12 11:05:58.737411] 
Collecting opencv-python==4.5.4.58
  Downloading opencv_python-4.5.4.58-cp37-cp37m-manylinux2014_x86_64.whl (60.3 MB)
     â”â”â”â”â”â”â”â”â”â”â”â”â”â”â”â”â”â”â”â”â”â”â”â”â”â”â”â”â”â”â”â”â”â”â”â”â”â”â” 60.3/60.3 MB 188.2 MB/s eta 0:00:00[2022-04-12 11:05:59.383337] 
Collecting imutils==0.5.4
  Downloading imutils-0.5.4.tar.gz (17 kB)
  Preparing metadata (setup.py): started
  Preparing metadata (setup.py): finished with status 'done'
Collecting cmake==3.21.4
  Downloading cmake-3.21.4-py2.py3-none-manylinux_2_12_x86_64.manylinux2010_x86_64.whl (21.5 MB)
     â”â”â”â”â”â”â”â”â”â”â”â”â”â”â”â”â”â”â”â”â”â”â”â”â”â”â”â”â”â”â”â”â”â”â”â”â”â”â” 21.5/21.5 MB 181.2 MB/s eta 0:00:00[2022-04-12 11:06:01.630763] 
Collecting dlib==19.22.1
  Downloading dlib-19.22.1.tar.gz (7.4 MB)
     â”â”â”â”â”â”â”â”â”â”â”â”â”â”â”â”â”â”â”â”â”â”â”â”â”â”â”â”â”â”â”â”â”â”â”â”â”â”â”â” 7.4/7.4 MB 181.0 MB/s eta 0:00:00[2022-04-12 11:06:01.825117] 
  Preparing metadata (setup.py): started
  Preparing metadata (setup.py): finished with status 'done'
Collecting face-recognition==1.3.0
  Downloading face_recognition-1.3.0-py2.py3-none-any.whl (15 kB)
Collecting scipy==1.7.2
  Downloading scipy-1.7.2-cp37-cp37m-manylinux_2_12_x86_64.manylinux2010_x86_64.whl (38.2 MB)
     â”â”â”â”â”â”â”â”â”â”â”â”â”â”â”â”â”â”â”â”â”â”â”â”â”â”â”â”â”â”â”â”â”â”â”â”â”â”â” 38.2/38.2 MB 199.9 MB/s eta 0:00:00[2022-04-12 11:06:05.136442] 
Collecting tensorflow==2.8.0
  Downloading tensorflow-2.8.0-cp37-cp37m-manylinux2010_x86_64.whl (497.5 MB)
     â”â”â”â”â”â”â”â”â”â”â”â”â”â”â”â”â”â”â”â”â”â”â”â”â”â”â”â”â”â”â”â”â”â”â”â”â” 497.5/497.5 MB 201.9 MB/s eta 0:00:00[2022-04-12 11:06:08.108821] 
Collecting streamlit==1.8.1
  Downloading streamlit-1.8.1-py2.py3-none-any.whl (10.1 MB)
     â”â”â”â”â”â”â”â”â”â”â”â”â”â”â”â”â”â”â”â”â”â”â”â”â”â”â”â”â”â”â”â”â”â”â”â”â”â”â” 10.1/10.1 MB 191.8 MB/s eta 0:00:00[2022-04-12 11:06:10.054865] 
Collecting absl-py==1.0.0
  Downloading absl_py-1.0.0-py3-none-any.whl (126 kB)
     â”â”â”â”â”â”â”â”â”â”â”â”â”â”â”â”â”â”â”â”â”â”â”â”â”â”â”â”â”â”â”â”â”â”â”â”â” 126.7/126.7 KB 143.8 MB/s eta 0:00:00[2022-04-12 11:06:10.136865] 
Collecting aioice==0.7.6
  Downloading aioice-0.7.6-py3-none-any.whl (23 kB)
Collecting aiortc==1.3.1
  Downloading aiortc-1.3.1-cp37-cp37m-manylinux_2_17_x86_64.manylinux2014_x86_64.whl (1.9 MB)
     â”â”â”â”â”â”â”â”â”â”â”â”â”â”â”â”â”â”â”â”â”â”â”â”â”â”â”â”â”â”â”â”â”â”â”â”â”â”â”â” 1.9/1.9 MB 200.7 MB/s eta 0:00:00[2022-04-12 11:06:10.303340] 
Collecting altair==4.2.0
  Downloading altair-4.2.0-py3-none-any.whl (812 kB)
     â”â”â”â”â”â”â”â”â”â”â”â”â”â”â”â”â”â”â”â”â”â”â”â”â”â”â”â”â”â”â”â”â”â”â”â”â” 812.8/812.8 KB 196.4 MB/s eta 0:00:00[2022-04-12 11:06:10.361473] 
Collecting argon2-cffi==21.3.0
  Downloading argon2_cffi-21.3.0-py3-none-any.whl (14 kB)
Collecting argon2-cffi-bindings==21.2.0
  Downloading argon2_cffi_bindings-21.2.0-cp36-abi3-manylinux_2_17_x86_64.manylinux2014_x86_64.whl (86 kB)
     â”â”â”â”â”â”â”â”â”â”â”â”â”â”â”â”â”â”â”â”â”â”â”â”â”â”â”â”â”â”â”â”â”â”â”â”â”â”â”â” 86.2/86.2 KB 99.8 MB/s eta 0:00:00[2022-04-12 11:06:10.487899] 
Collecting asttokens==2.0.5
  Downloading asttokens-2.0.5-py2.py3-none-any.whl (20 kB)
Collecting astunparse==1.6.3
  Downloading astunparse-1.6.3-py2.py3-none-any.whl (12 kB)
Collecting attrs==21.4.0
  Downloading attrs-21.4.0-py2.py3-none-any.whl (60 kB)
     â”â”â”â”â”â”â”â”â”â”â”â”â”â”â”â”â”â”â”â”â”â”â”â”â”â”â”â”â”â”â”â”â”â”â”â”â”â”â”â” 60.6/60.6 KB 87.8 MB/s eta 0:00:00[2022-04-12 11:06:10.636790] 
Collecting av==9.1.1
  Downloading av-9.1.1-cp37-cp37m-manylinux_2_17_x86_64.manylinux2014_x86_64.whl (27.2 MB)
     â”â”â”â”â”â”â”â”â”â”â”â”â”â”â”â”â”â”â”â”â”â”â”â”â”â”â”â”â”â”â”â”â”â”â”â”â”â”â” 27.2/27.2 MB 160.5 MB/s eta 0:00:00[2022-04-12 11:06:10.898226] 
Collecting backcall==0.2.0
  Downloading backcall-0.2.0-py2.py3-none-any.whl (11 kB)
Collecting beautifulsoup4==4.10.0
  Downloading beautifulsoup4-4.10.0-py3-none-any.whl (97 kB)
     â”â”â”â”â”â”â”â”â”â”â”â”â”â”â”â”â”â”â”â”â”â”â”â”â”â”â”â”â”â”â”â”â”â”â”â”â”â”â” 97.4/97.4 KB 172.6 MB/s eta 0:00:00[2022-04-12 11:06:11.082169] 
Collecting bleach==4.1.0
  Downloading bleach-4.1.0-py2.py3-none-any.whl (157 kB)
     â”â”â”â”â”â”â”â”â”â”â”â”â”â”â”â”â”â”â”â”â”â”â”â”â”â”â”â”â”â”â”â”â”â”â”â”â” 157.9/157.9 KB 181.2 MB/s eta 0:00:00[2022-04-12 11:06:11.143095] 
Collecting blinker==1.4
  Downloading blinker-1.4.tar.gz (111 kB)
     â”â”â”â”â”â”â”â”â”â”â”â”â”â”â”â”â”â”â”â”â”â”â”â”â”â”â”â”â”â”â”â”â”â”â”â”â” 111.5/111.5 KB 174.6 MB/s eta 0:00:00[2022-04-12 11:06:11.179465] 
  Preparing metadata (setup.py): started
  Preparing metadata (setup.py): finished with status 'done'
Collecting cachetools==5.0.0
  Downloading cachetools-5.0.0-py3-none-any.whl (9.1 kB)
Collecting certifi==2021.10.8
  Downloading certifi-2021.10.8-py2.py3-none-any.whl (149 kB)
     â”â”â”â”â”â”â”â”â”â”â”â”â”â”â”â”â”â”â”â”â”â”â”â”â”â”â”â”â”â”â”â”â”â”â”â”â” 149.2/149.2 KB 151.3 MB/s eta 0:00:00[2022-04-12 11:06:12.677578] 
Collecting cffi==1.15.0
  Downloading cffi-1.15.0-cp37-cp37m-manylinux_2_12_x86_64.manylinux2010_x86_64.whl (427 kB)
     â”â”â”â”â”â”â”â”â”â”â”â”â”â”â”â”â”â”â”â”â”â”â”â”â”â”â”â”â”â”â”â”â”â”â”â”â” 427.1/427.1 KB 200.4 MB/s eta 0:00:00[2022-04-12 11:06:12.958218] 
Collecting charset-normalizer==2.0.12
  Downloading charset_normalizer-2.0.12-py3-none-any.whl (39 kB)
Collecting click==8.0.3
  Downloading click-8.0.3-py3-none-any.whl (97 kB)
     â”â”â”â”â”â”â”â”â”â”â”â”â”â”â”â”â”â”â”â”â”â”â”â”â”â”â”â”â”â”â”â”â”â”â”â”â”â”â” 97.5/97.5 KB 151.1 MB/s eta 0:00:00[2022-04-12 11:06:13.081683] 
Collecting colorama==0.4.4
  Downloading colorama-0.4.4-py2.py3-none-any.whl (16 kB)
Collecting cryptography==36.0.2
  Downloading cryptography-36.0.2-cp36-abi3-manylinux_2_24_x86_64.whl (3.6 MB)
     â”â”â”â”â”â”â”â”â”â”â”â”â”â”â”â”â”â”â”â”â”â”â”â”â”â”â”â”â”â”â”â”â”â”â”â”â”â”â”â” 3.6/3.6 MB 185.1 MB/s eta 0:00:00[2022-04-12 11:06:13.521829] 
Collecting debugpy==1.6.0
  Downloading debugpy-1.6.0-cp37-cp37m-manylinux_2_5_x86_64.manylinux1_x86_64.manylinux_2_12_x86_64.manylinux2010_x86_64.whl (1.8 MB)
     â”â”â”â”â”â”â”â”â”â”â”â”â”â”â”â”â”â”â”â”â”â”â”â”â”â”â”â”â”â”â”â”â”â”â”â”â”â”â”â” 1.8/1.8 MB 202.8 MB/s eta 0:00:00[2022-04-12 11:06:13.794714] 
Collecting decorator==5.1.1
  Downloading decorator-5.1.1-py3-none-any.whl (9.1 kB)
Collecting defusedxml==0.7.1
  Downloading defusedxml-0.7.1-py2.py3-none-any.whl (25 kB)
Collecting dnspython==2.2.1
  Downloading dnspython-2.2.1-py3-none-any.whl (269 kB)
     â”â”â”â”â”â”â”â”â”â”â”â”â”â”â”â”â”â”â”â”â”â”â”â”â”â”â”â”â”â”â”â”â”â”â”â”â” 269.1/269.1 KB 196.0 MB/s eta 0:00:00[2022-04-12 11:06:13.932045] 
Collecting entrypoints==0.4
  Downloading entrypoints-0.4-py3-none-any.whl (5.3 kB)
Collecting executing==0.8.3
  Downloading executing-0.8.3-py2.py3-none-any.whl (16 kB)
Collecting face-recognition-models==0.3.0
  Downloading face_recognition_models-0.3.0.tar.gz (100.1 MB)
     â”â”â”â”â”â”â”â”â”â”â”â”â”â”â”â”â”â”â”â”â”â”â”â”â”â”â”â”â”â”â”â”â”â”â”â”â” 100.1/100.1 MB 189.1 MB/s eta 0:00:00[2022-04-12 11:06:14.636258] 
  Preparing metadata (setup.py): started
  Preparing metadata (setup.py): finished with status 'done'
Collecting fastjsonschema==2.15.3
  Downloading fastjsonschema-2.15.3-py3-none-any.whl (22 kB)
Collecting flatbuffers==2.0
  Downloading flatbuffers-2.0-py2.py3-none-any.whl (26 kB)
Collecting gast==0.5.3
  Downloading gast-0.5.3-py3-none-any.whl (19 kB)
Collecting gitdb==4.0.9
  Downloading gitdb-4.0.9-py3-none-any.whl (63 kB)
     â”â”â”â”â”â”â”â”â”â”â”â”â”â”â”â”â”â”â”â”â”â”â”â”â”â”â”â”â”â”â”â”â”â”â”â”â”â”â” 63.1/63.1 KB 128.3 MB/s eta 0:00:00[2022-04-12 11:06:19.385972] 
Collecting GitPython==3.1.27
  Downloading GitPython-3.1.27-py3-none-any.whl (181 kB)
     â”â”â”â”â”â”â”â”â”â”â”â”â”â”â”â”â”â”â”â”â”â”â”â”â”â”â”â”â”â”â”â”â”â”â”â”â” 181.2/181.2 KB 185.1 MB/s eta 0:00:00[2022-04-12 11:06:19.462470] 
Collecting google-auth==2.6.2
  Downloading google_auth-2.6.2-py2.py3-none-any.whl (156 kB)
     â”â”â”â”â”â”â”â”â”â”â”â”â”â”â”â”â”â”â”â”â”â”â”â”â”â”â”â”â”â”â”â”â”â”â”â”â” 156.5/156.5 KB 178.5 MB/s eta 0:00:00[2022-04-12 11:06:19.587703] 
Collecting google-auth-oauthlib==0.4.6
  Downloading google_auth_oauthlib-0.4.6-py2.py3-none-any.whl (18 kB)
Collecting google-crc32c==1.3.0
  Downloading google_crc32c-1.3.0-cp37-cp37m-manylinux_2_12_x86_64.manylinux2010_x86_64.whl (38 kB)
Collecting google-pasta==0.2.0
  Downloading google_pasta-0.2.0-py3-none-any.whl (57 kB)
     â”â”â”â”â”â”â”â”â”â”â”â”â”â”â”â”â”â”â”â”â”â”â”â”â”â”â”â”â”â”â”â”â”â”â”â”â”â”â” 57.5/57.5 KB 140.5 MB/s eta 0:00:00[2022-04-12 11:06:19.763715] 
Collecting grpcio==1.44.0
  Downloading grpcio-1.44.0-cp37-cp37m-manylinux_2_17_x86_64.manylinux2014_x86_64.whl (4.3 MB)
     â”â”â”â”â”â”â”â”â”â”â”â”â”â”â”â”â”â”â”â”â”â”â”â”â”â”â”â”â”â”â”â”â”â”â”â”â”â”â”â” 4.3/4.3 MB 187.8 MB/s eta 0:00:00[2022-04-12 11:06:20.717473] 
Collecting h5py==3.6.0
  Downloading h5py-3.6.0-cp37-cp37m-manylinux_2_12_x86_64.manylinux2010_x86_64.whl (4.1 MB)
     â”â”â”â”â”â”â”â”â”â”â”â”â”â”â”â”â”â”â”â”â”â”â”â”â”â”â”â”â”â”â”â”â”â”â”â”â”â”â”â” 4.1/4.1 MB 199.2 MB/s eta 0:00:00[2022-04-12 11:06:20.857722] 
Collecting idna==3.3
  Downloading idna-3.3-py3-none-any.whl (61 kB)
     â”â”â”â”â”â”â”â”â”â”â”â”â”â”â”â”â”â”â”â”â”â”â”â”â”â”â”â”â”â”â”â”â”â”â”â”â”â”â” 61.2/61.2 KB 152.4 MB/s eta 0:00:00[2022-04-12 11:06:20.917877] 
Collecting importlib-metadata==4.11.3
  Downloading importlib_metadata-4.11.3-py3-none-any.whl (18 kB)
Collecting ipykernel==6.12.1
  Downloading ipykernel-6.12.1-py3-none-any.whl (130 kB)
     â”â”â”â”â”â”â”â”â”â”â”â”â”â”â”â”â”â”â”â”â”â”â”â”â”â”â”â”â”â”â”â”â”â”â”â”â” 130.9/130.9 KB 170.6 MB/s eta 0:00:00[2022-04-12 11:06:21.099607] 
Collecting ipython-genutils==0.2.0
  Downloading ipython_genutils-0.2.0-py2.py3-none-any.whl (26 kB)
Collecting ipywidgets==7.7.0
  Downloading ipywidgets-7.7.0-py2.py3-none-any.whl (123 kB)
     â”â”â”â”â”â”â”â”â”â”â”â”â”â”â”â”â”â”â”â”â”â”â”â”â”â”â”â”â”â”â”â”â”â”â”â”â” 123.4/123.4 KB 167.9 MB/s eta 0:00:00[2022-04-12 11:06:21.224962] 
Collecting jedi==0.18.1
  Downloading jedi-0.18.1-py2.py3-none-any.whl (1.6 MB)
     â”â”â”â”â”â”â”â”â”â”â”â”â”â”â”â”â”â”â”â”â”â”â”â”â”â”â”â”â”â”â”â”â”â”â”â”â”â”â”â” 1.6/1.6 MB 207.5 MB/s eta 0:00:00[2022-04-12 11:06:21.289821] 
Collecting Jinja2==3.1.1
  Downloading Jinja2-3.1.1-py3-none-any.whl (132 kB)
     â”â”â”â”â”â”â”â”â”â”â”â”â”â”â”â”â”â”â”â”â”â”â”â”â”â”â”â”â”â”â”â”â”â”â”â”â” 132.6/132.6 KB 180.3 MB/s eta 0:00:00[2022-04-12 11:06:21.367931] 
Collecting jsonschema==4.4.0
  Downloading jsonschema-4.4.0-py3-none-any.whl (72 kB)
     â”â”â”â”â”â”â”â”â”â”â”â”â”â”â”â”â”â”â”â”â”â”â”â”â”â”â”â”â”â”â”â”â”â”â”â”â”â”â” 72.7/72.7 KB 163.3 MB/s eta 0:00:00[2022-04-12 11:06:21.425979] 
Collecting jupyter-client==7.2.1
  Downloading jupyter_client-7.2.1-py3-none-any.whl (130 kB)
     â”â”â”â”â”â”â”â”â”â”â”â”â”â”â”â”â”â”â”â”â”â”â”â”â”â”â”â”â”â”â”â”â”â”â”â”â” 130.4/130.4 KB 170.5 MB/s eta 0:00:00[2022-04-12 11:06:21.495853] 
Collecting jupyter-core==4.9.2
  Downloading jupyter_core-4.9.2-py3-none-any.whl (86 kB)
     â”â”â”â”â”â”â”â”â”â”â”â”â”â”â”â”â”â”â”â”â”â”â”â”â”â”â”â”â”â”â”â”â”â”â”â”â”â”â” 86.9/86.9 KB 125.2 MB/s eta 0:00:00[2022-04-12 11:06:21.567104] 
Collecting jupyterlab-pygments==0.1.2
  Downloading jupyterlab_pygments-0.1.2-py2.py3-none-any.whl (4.6 kB)
Collecting jupyterlab-widgets==1.1.0
  Downloading jupyterlab_widgets-1.1.0-py3-none-any.whl (245 kB)
     â”â”â”â”â”â”â”â”â”â”â”â”â”â”â”â”â”â”â”â”â”â”â”â”â”â”â”â”â”â”â”â”â”â”â”â”â” 245.1/245.1 KB 191.5 MB/s eta 0:00:00[2022-04-12 11:06:21.663791] 
Collecting keras==2.8.0
  Downloading keras-2.8.0-py2.py3-none-any.whl (1.4 MB)
     â”â”â”â”â”â”â”â”â”â”â”â”â”â”â”â”â”â”â”â”â”â”â”â”â”â”â”â”â”â”â”â”â”â”â”â”â”â”â”â” 1.4/1.4 MB 198.0 MB/s eta 0:00:00[2022-04-12 11:06:21.722405] 
Collecting Keras-Preprocessing==1.1.2
  Downloading Keras_Preprocessing-1.1.2-py2.py3-none-any.whl (42 kB)
     â”â”â”â”â”â”â”â”â”â”â”â”â”â”â”â”â”â”â”â”â”â”â”â”â”â”â”â”â”â”â”â”â”â”â”â”â”â”â” 42.6/42.6 KB 121.0 MB/s eta 0:00:00[2022-04-12 11:06:21.771020] 
Collecting libclang==13.0.0
  Downloading libclang-13.0.0-py2.py3-none-manylinux1_x86_64.whl (14.5 MB)
     â”â”â”â”â”â”â”â”â”â”â”â”â”â”â”â”â”â”â”â”â”â”â”â”â”â”â”â”â”â”â”â”â”â”â”â”â”â”â” 14.5/14.5 MB 196.2 MB/s eta 0:00:00[2022-04-12 11:06:21.885384] 
Collecting Markdown==3.3.6
  Downloading Markdown-3.3.6-py3-none-any.whl (97 kB)
     â”â”â”â”â”â”â”â”â”â”â”â”â”â”â”â”â”â”â”â”â”â”â”â”â”â”â”â”â”â”â”â”â”â”â”â”â”â”â” 97.8/97.8 KB 172.5 MB/s eta 0:00:00[2022-04-12 11:06:21.990378] 
Collecting MarkupSafe==2.1.1
  Downloading MarkupSafe-2.1.1-cp37-cp37m-manylinux_2_17_x86_64.manylinux2014_x86_64.whl (25 kB)
Collecting matplotlib-inline==0.1.3
  Downloading matplotlib_inline-0.1.3-py3-none-any.whl (8.2 kB)
Collecting mistune==0.8.4
  Downloading mistune-0.8.4-py2.py3-none-any.whl (16 kB)
Collecting nbclient==0.5.13
  Downloading nbclient-0.5.13-py3-none-any.whl (70 kB)
     â”â”â”â”â”â”â”â”â”â”â”â”â”â”â”â”â”â”â”â”â”â”â”â”â”â”â”â”â”â”â”â”â”â”â”â”â”â”â” 70.6/70.6 KB 162.4 MB/s eta 0:00:00[2022-04-12 11:06:22.222054] 
Collecting nbconvert==6.4.5
  Downloading nbconvert-6.4.5-py3-none-any.whl (561 kB)
     â”â”â”â”â”â”â”â”â”â”â”â”â”â”â”â”â”â”â”â”â”â”â”â”â”â”â”â”â”â”â”â”â”â”â”â”â” 561.4/561.4 KB 197.3 MB/s eta 0:00:00[2022-04-12 11:06:22.292259] 
Collecting nbformat==5.3.0
  Downloading nbformat-5.3.0-py3-none-any.whl (73 kB)
     â”â”â”â”â”â”â”â”â”â”â”â”â”â”â”â”â”â”â”â”â”â”â”â”â”â”â”â”â”â”â”â”â”â”â”â”â”â”â” 73.2/73.2 KB 100.8 MB/s eta 0:00:00[2022-04-12 11:06:22.343186] 
Collecting nest-asyncio==1.5.5
  Downloading nest_asyncio-1.5.5-py3-none-any.whl (5.2 kB)
Collecting netifaces==0.11.0
  Downloading netifaces-0.11.0-cp37-cp37m-manylinux_2_5_x86_64.manylinux1_x86_64.whl (32 kB)
Collecting notebook==6.4.10
  Downloading notebook-6.4.10-py3-none-any.whl (9.9 MB)
     â”â”â”â”â”â”â”â”â”â”â”â”â”â”â”â”â”â”â”â”â”â”â”â”â”â”â”â”â”â”â”â”â”â”â”â”â”â”â”â” 9.9/9.9 MB 190.5 MB/s eta 0:00:00[2022-04-12 11:06:22.600954] 
Collecting oauthlib==3.2.0
  Downloading oauthlib-3.2.0-py3-none-any.whl (151 kB)
     â”â”â”â”â”â”â”â”â”â”â”â”â”â”â”â”â”â”â”â”â”â”â”â”â”â”â”â”â”â”â”â”â”â”â”â”â” 151.5/151.5 KB 179.2 MB/s eta 0:00:00[2022-04-12 11:06:22.694839] 
Collecting opt-einsum==3.3.0
  Downloading opt_einsum-3.3.0-py3-none-any.whl (65 kB)
     â”â”â”â”â”â”â”â”â”â”â”â”â”â”â”â”â”â”â”â”â”â”â”â”â”â”â”â”â”â”â”â”â”â”â”â”â”â”â” 65.5/65.5 KB 138.5 MB/s eta 0:00:00[2022-04-12 11:06:22.738715] 
Collecting packaging==21.3
  Downloading packaging-21.3-py3-none-any.whl (40 kB)
     â”â”â”â”â”â”â”â”â”â”â”â”â”â”â”â”â”â”â”â”â”â”â”â”â”â”â”â”â”â”â”â”â”â”â”â”â”â”â”â” 40.8/40.8 KB 98.3 MB/s eta 0:00:00[2022-04-12 11:06:22.800451] 
Collecting pandas==1.3.5
  Downloading pandas-1.3.5-cp37-cp37m-manylinux_2_17_x86_64.manylinux2014_x86_64.whl (11.3 MB)
     â”â”â”â”â”â”â”â”â”â”â”â”â”â”â”â”â”â”â”â”â”â”â”â”â”â”â”â”â”â”â”â”â”â”â”â”â”â”â” 11.3/11.3 MB 194.0 MB/s eta 0:00:00[2022-04-12 11:06:23.144553] 
Collecting pandocfilters==1.5.0
  Downloading pandocfilters-1.5.0-py2.py3-none-any.whl (8.7 kB)
Collecting parso==0.8.3
  Downloading parso-0.8.3-py2.py3-none-any.whl (100 kB)
     â”â”â”â”â”â”â”â”â”â”â”â”â”â”â”â”â”â”â”â”â”â”â”â”â”â”â”â”â”â”â”â”â”â”â”â”â” 100.8/100.8 KB 171.9 MB/s eta 0:00:00[2022-04-12 11:06:23.279067] 
Collecting pickleshare==0.7.5
  Downloading pickleshare-0.7.5-py2.py3-none-any.whl (6.9 kB)
Collecting Pillow==8.4.0
  Downloading Pillow-8.4.0-cp37-cp37m-manylinux_2_17_x86_64.manylinux2014_x86_64.whl (3.1 MB)
     â”â”â”â”â”â”â”â”â”â”â”â”â”â”â”â”â”â”â”â”â”â”â”â”â”â”â”â”â”â”â”â”â”â”â”â”â”â”â”â” 3.1/3.1 MB 186.8 MB/s eta 0:00:00[2022-04-12 11:06:23.806523] 
Collecting pip==22.0.4
  Downloading pip-22.0.4-py3-none-any.whl (2.1 MB)
     â”â”â”â”â”â”â”â”â”â”â”â”â”â”â”â”â”â”â”â”â”â”â”â”â”â”â”â”â”â”â”â”â”â”â”â”â”â”â”â” 2.1/2.1 MB 201.2 MB/s eta 0:00:00[2022-04-12 11:06:23.936253] 
Collecting playsound==1.3.0
  Downloading playsound-1.3.0.tar.gz (7.7 kB)
  Preparing metadata (setup.py): started
  Preparing metadata (setup.py): finished with status 'done'
Collecting prometheus-client==0.14.0
  Downloading prometheus_client-0.14.0-py3-none-any.whl (59 kB)
     â”â”â”â”â”â”â”â”â”â”â”â”â”â”â”â”â”â”â”â”â”â”â”â”â”â”â”â”â”â”â”â”â”â”â”â”â”â”â” 59.4/59.4 KB 116.0 MB/s eta 0:00:00[2022-04-12 11:06:25.323161] 
Collecting prompt-toolkit==3.0.29
  Downloading prompt_toolkit-3.0.29-py3-none-any.whl (381 kB)
     â”â”â”â”â”â”â”â”â”â”â”â”â”â”â”â”â”â”â”â”â”â”â”â”â”â”â”â”â”â”â”â”â”â”â”â”â” 381.5/381.5 KB 198.5 MB/s eta 0:00:00[2022-04-12 11:06:25.481679] 
Collecting protobuf==3.20.0
  Downloading protobuf-3.20.0-cp37-cp37m-manylinux_2_5_x86_64.manylinux1_x86_64.whl (1.0 MB)
     â”â”â”â”â”â”â”â”â”â”â”â”â”â”â”â”â”â”â”â”â”â”â”â”â”â”â”â”â”â”â”â”â”â”â”â”â”â”â”â” 1.0/1.0 MB 208.2 MB/s eta 0:00:00[2022-04-12 11:06:25.801612] 
Collecting psutil==5.9.0
  Downloading psutil-5.9.0-cp37-cp37m-manylinux_2_12_x86_64.manylinux2010_x86_64.manylinux_2_17_x86_64.manylinux2014_x86_64.whl (280 kB)
     â”â”â”â”â”â”â”â”â”â”â”â”â”â”â”â”â”â”â”â”â”â”â”â”â”â”â”â”â”â”â”â”â”â”â”â”â” 280.7/280.7 KB 195.7 MB/s eta 0:00:00[2022-04-12 11:06:26.001126] 
Collecting pure-eval==0.2.2
  Downloading pure_eval-0.2.2-py3-none-any.whl (11 kB)
Collecting pyarrow==7.0.0
  Downloading pyarrow-7.0.0-cp37-cp37m-manylinux_2_17_x86_64.manylinux2014_x86_64.whl (26.7 MB)
     â”â”â”â”â”â”â”â”â”â”â”â”â”â”â”â”â”â”â”â”â”â”â”â”â”â”â”â”â”â”â”â”â”â”â”â”â”â”â” 26.7/26.7 MB 183.5 MB/s eta 0:00:00[2022-04-12 11:06:26.324009] 
Collecting pyasn1==0.4.8
  Downloading pyasn1-0.4.8-py2.py3-none-any.whl (77 kB)
     â”â”â”â”â”â”â”â”â”â”â”â”â”â”â”â”â”â”â”â”â”â”â”â”â”â”â”â”â”â”â”â”â”â”â”â”â”â”â” 77.1/77.1 KB 162.2 MB/s eta 0:00:00[2022-04-12 11:06:26.490315] 
Collecting pyasn1-modules==0.2.8
  Downloading pyasn1_modules-0.2.8-py2.py3-none-any.whl (155 kB)
     â”â”â”â”â”â”â”â”â”â”â”â”â”â”â”â”â”â”â”â”â”â”â”â”â”â”â”â”â”â”â”â”â”â”â”â”â” 155.3/155.3 KB 177.1 MB/s eta 0:00:00[2022-04-12 11:06:26.554123] 
Collecting pycparser==2.21
  Downloading pycparser-2.21-py2.py3-none-any.whl (118 kB)
     â”â”â”â”â”â”â”â”â”â”â”â”â”â”â”â”â”â”â”â”â”â”â”â”â”â”â”â”â”â”â”â”â”â”â”â”â” 118.7/118.7 KB 162.4 MB/s eta 0:00:00[2022-04-12 11:06:26.593954] 
Collecting pydeck==0.7.1
  Downloading pydeck-0.7.1-py2.py3-none-any.whl (4.3 MB)
     â”â”â”â”â”â”â”â”â”â”â”â”â”â”â”â”â”â”â”â”â”â”â”â”â”â”â”â”â”â”â”â”â”â”â”â”â”â”â”â” 4.3/4.3 MB 191.3 MB/s eta 0:00:00[2022-04-12 11:06:26.674686] 
Collecting pyee==9.0.4
  Downloading pyee-9.0.4-py2.py3-none-any.whl (14 kB)
Collecting Pygments==2.11.2
  Downloading Pygments-2.11.2-py3-none-any.whl (1.1 MB)
     â”â”â”â”â”â”â”â”â”â”â”â”â”â”â”â”â”â”â”â”â”â”â”â”â”â”â”â”â”â”â”â”â”â”â”â”â”â”â”â” 1.1/1.1 MB 202.2 MB/s eta 0:00:00[2022-04-12 11:06:26.802855] 
Collecting pylibsrtp==0.7.1
  Downloading pylibsrtp-0.7.1-cp37-cp37m-manylinux_2_17_x86_64.manylinux2014_x86_64.whl (71 kB)
     â”â”â”â”â”â”â”â”â”â”â”â”â”â”â”â”â”â”â”â”â”â”â”â”â”â”â”â”â”â”â”â”â”â”â”â”â”â”â” 71.0/71.0 KB 150.5 MB/s eta 0:00:00[2022-04-12 11:06:26.889759] 
Collecting Pympler==1.0.1
  Downloading Pympler-1.0.1-py3-none-any.whl (164 kB)
     â”â”â”â”â”â”â”â”â”â”â”â”â”â”â”â”â”â”â”â”â”â”â”â”â”â”â”â”â”â”â”â”â”â”â”â”â” 164.8/164.8 KB 124.9 MB/s eta 0:00:00[2022-04-12 11:06:26.933031] 
Collecting pyparsing==3.0.7
  Downloading pyparsing-3.0.7-py3-none-any.whl (98 kB)
     â”â”â”â”â”â”â”â”â”â”â”â”â”â”â”â”â”â”â”â”â”â”â”â”â”â”â”â”â”â”â”â”â”â”â”â”â”â”â” 98.0/98.0 KB 162.2 MB/s eta 0:00:00[2022-04-12 11:06:27.012943] 
Collecting pyrsistent==0.18.1
  Downloading pyrsistent-0.18.1-cp37-cp37m-manylinux_2_17_x86_64.manylinux2014_x86_64.whl (117 kB)
     â”â”â”â”â”â”â”â”â”â”â”â”â”â”â”â”â”â”â”â”â”â”â”â”â”â”â”â”â”â”â”â”â”â”â”â”â” 117.1/117.1 KB 171.9 MB/s eta 0:00:00[2022-04-12 11:06:27.070793] 
Collecting python-dateutil==2.8.2
  Downloading python_dateutil-2.8.2-py2.py3-none-any.whl (247 kB)
     â”â”â”â”â”â”â”â”â”â”â”â”â”â”â”â”â”â”â”â”â”â”â”â”â”â”â”â”â”â”â”â”â”â”â”â”â” 247.7/247.7 KB 171.8 MB/s eta 0:00:00[2022-04-12 11:06:27.119715] 
Collecting pytz==2022.1
  Downloading pytz-2022.1-py2.py3-none-any.whl (503 kB)
     â”â”â”â”â”â”â”â”â”â”â”â”â”â”â”â”â”â”â”â”â”â”â”â”â”â”â”â”â”â”â”â”â”â”â”â”â” 503.5/503.5 KB 209.2 MB/s eta 0:00:00[2022-04-12 11:06:27.237360] 
Collecting pytz-deprecation-shim==0.1.0.post0
  Downloading pytz_deprecation_shim-0.1.0.post0-py2.py3-none-any.whl (15 kB)
Collecting requests==2.27.1
  Downloading requests-2.27.1-py2.py3-none-any.whl (63 kB)
     â”â”â”â”â”â”â”â”â”â”â”â”â”â”â”â”â”â”â”â”â”â”â”â”â”â”â”â”â”â”â”â”â”â”â”â”â”â”â” 63.1/63.1 KB 146.8 MB/s eta 0:00:00[2022-04-12 11:06:27.358692] 
Collecting requests-oauthlib==1.3.1
  Downloading requests_oauthlib-1.3.1-py2.py3-none-any.whl (23 kB)
Collecting rsa==4.8
  Downloading rsa-4.8-py3-none-any.whl (39 kB)
Collecting semver==2.13.0
  Downloading semver-2.13.0-py2.py3-none-any.whl (12 kB)
Collecting Send2Trash==1.8.0
  Downloading Send2Trash-1.8.0-py3-none-any.whl (18 kB)
Collecting setuptools==60.9.3
  Downloading setuptools-60.9.3-py3-none-any.whl (1.1 MB)
     â”â”â”â”â”â”â”â”â”â”â”â”â”â”â”â”â”â”â”â”â”â”â”â”â”â”â”â”â”â”â”â”â”â”â”â”â”â”â”â” 1.1/1.1 MB 201.0 MB/s eta 0:00:00[2022-04-12 11:06:27.880833] 
Collecting six==1.16.0
  Downloading six-1.16.0-py2.py3-none-any.whl (11 kB)
Collecting smmap==5.0.0
  Downloading smmap-5.0.0-py3-none-any.whl (24 kB)
Collecting soupsieve==2.3.1
  Downloading soupsieve-2.3.1-py3-none-any.whl (37 kB)
Collecting stack-data==0.2.0
  Downloading stack_data-0.2.0-py3-none-any.whl (21 kB)
Collecting streamlit-webrtc==0.36.1
  Downloading streamlit_webrtc-0.36.1-py3-none-any.whl (856 kB)
     â”â”â”â”â”â”â”â”â”â”â”â”â”â”â”â”â”â”â”â”â”â”â”â”â”â”â”â”â”â”â”â”â”â”â”â”â” 856.6/856.6 KB 211.3 MB/s eta 0:00:00[2022-04-12 11:06:28.176428] 
Collecting tensorboard==2.8.0
  Downloading tensorboard-2.8.0-py3-none-any.whl (5.8 MB)
     â”â”â”â”â”â”â”â”â”â”â”â”â”â”â”â”â”â”â”â”â”â”â”â”â”â”â”â”â”â”â”â”â”â”â”â”â”â”â”â” 5.8/5.8 MB 177.8 MB/s eta 0:00:00[2022-04-12 11:06:28.274922] 
Collecting tensorboard-data-server==0.6.1
  Downloading tensorboard_data_server-0.6.1-py3-none-manylinux2010_x86_64.whl (4.9 MB)
     â”â”â”â”â”â”â”â”â”â”â”â”â”â”â”â”â”â”â”â”â”â”â”â”â”â”â”â”â”â”â”â”â”â”â”â”â”â”â”â” 4.9/4.9 MB 172.3 MB/s eta 0:00:00[2022-04-12 11:06:28.376222] 
Collecting tensorboard-plugin-wit==1.8.1
  Downloading tensorboard_plugin_wit-1.8.1-py3-none-any.whl (781 kB)
     â”â”â”â”â”â”â”â”â”â”â”â”â”â”â”â”â”â”â”â”â”â”â”â”â”â”â”â”â”â”â”â”â”â”â”â”â” 781.3/781.3 KB 116.3 MB/s eta 0:00:00[2022-04-12 11:06:28.450036] 
Collecting tensorflow-io-gcs-filesystem==0.24.0
  Downloading tensorflow_io_gcs_filesystem-0.24.0-cp37-cp37m-manylinux_2_12_x86_64.manylinux2010_x86_64.whl (2.1 MB)
     â”â”â”â”â”â”â”â”â”â”â”â”â”â”â”â”â”â”â”â”â”â”â”â”â”â”â”â”â”â”â”â”â”â”â”â”â”â”â”â” 2.1/2.1 MB 174.3 MB/s eta 0:00:00[2022-04-12 11:06:28.556155] 
Collecting termcolor==1.1.0
  Downloading termcolor-1.1.0.tar.gz (3.9 kB)
  Preparing metadata (setup.py): started
  Preparing metadata (setup.py): finished with status 'done'
Collecting terminado==0.13.3
  Downloading terminado-0.13.3-py3-none-any.whl (14 kB)
Collecting testpath==0.6.0
  Downloading testpath-0.6.0-py3-none-any.whl (83 kB)
     â”â”â”â”â”â”â”â”â”â”â”â”â”â”â”â”â”â”â”â”â”â”â”â”â”â”â”â”â”â”â”â”â”â”â”â”â”â”â” 83.9/83.9 KB 119.9 MB/s eta 0:00:00[2022-04-12 11:06:29.920402] 
Collecting tf-estimator-nightly==2.8.0.dev2021122109
  Downloading tf_estimator_nightly-2.8.0.dev2021122109-py2.py3-none-any.whl (462 kB)
     â”â”â”â”â”â”â”â”â”â”â”â”â”â”â”â”â”â”â”â”â”â”â”â”â”â”â”â”â”â”â”â”â”â”â”â”â” 462.5/462.5 KB 200.6 MB/s eta 0:00:00[2022-04-12 11:06:30.251572] 
Collecting toml==0.10.2
  Downloading toml-0.10.2-py2.py3-none-any.whl (16 kB)
Collecting toolz==0.11.2
  Downloading toolz-0.11.2-py3-none-any.whl (55 kB)
     â”â”â”â”â”â”â”â”â”â”â”â”â”â”â”â”â”â”â”â”â”â”â”â”â”â”â”â”â”â”â”â”â”â”â”â”â”â”â” 55.8/55.8 KB 135.1 MB/s eta 0:00:00[2022-04-12 11:06:30.328789] 
Collecting tornado==6.1
  Downloading tornado-6.1-cp37-cp37m-manylinux2010_x86_64.whl (428 kB)
     â”â”â”â”â”â”â”â”â”â”â”â”â”â”â”â”â”â”â”â”â”â”â”â”â”â”â”â”â”â”â”â”â”â”â”â”â” 428.5/428.5 KB 200.0 MB/s eta 0:00:00[2022-04-12 11:06:30.415120] 
Collecting traitlets==5.1.1
  Downloading traitlets-5.1.1-py3-none-any.whl (102 kB)
     â”â”â”â”â”â”â”â”â”â”â”â”â”â”â”â”â”â”â”â”â”â”â”â”â”â”â”â”â”â”â”â”â”â”â”â”â” 102.0/102.0 KB 153.8 MB/s eta 0:00:00[2022-04-12 11:06:30.563339] 
Collecting typing_extensions==4.1.1
  Downloading typing_extensions-4.1.1-py3-none-any.whl (26 kB)
Collecting tzdata==2022.1
  Downloading tzdata-2022.1-py2.py3-none-any.whl (339 kB)
     â”â”â”â”â”â”â”â”â”â”â”â”â”â”â”â”â”â”â”â”â”â”â”â”â”â”â”â”â”â”â”â”â”â”â”â”â” 339.5/339.5 KB 174.1 MB/s eta 0:00:00[2022-04-12 11:06:30.652402] 
Collecting tzlocal==4.2
  Downloading tzlocal-4.2-py3-none-any.whl (19 kB)
Collecting urllib3==1.26.9
  Downloading urllib3-1.26.9-py2.py3-none-any.whl (138 kB)
     â”â”â”â”â”â”â”â”â”â”â”â”â”â”â”â”â”â”â”â”â”â”â”â”â”â”â”â”â”â”â”â”â”â”â”â”â” 139.0/139.0 KB 180.9 MB/s eta 0:00:00[2022-04-12 11:06:30.778808] 
Collecting validators==0.18.2
  Downloading validators-0.18.2-py3-none-any.whl (19 kB)
Collecting watchdog==2.1.7
  Downloading watchdog-2.1.7-py3-none-manylinux2014_x86_64.whl (76 kB)
     â”â”â”â”â”â”â”â”â”â”â”â”â”â”â”â”â”â”â”â”â”â”â”â”â”â”â”â”â”â”â”â”â”â”â”â”â”â”â” 76.8/76.8 KB 155.1 MB/s eta 0:00:00[2022-04-12 11:06:30.907689] 
Collecting wcwidth==0.2.5
  Downloading wcwidth-0.2.5-py2.py3-none-any.whl (30 kB)
Collecting webencodings==0.5.1
  Downloading webencodings-0.5.1-py2.py3-none-any.whl (11 kB)
Collecting Werkzeug==2.1.1
  Downloading Werkzeug-2.1.1-py3-none-any.whl (224 kB)
     â”â”â”â”â”â”â”â”â”â”â”â”â”â”â”â”â”â”â”â”â”â”â”â”â”â”â”â”â”â”â”â”â”â”â”â”â” 224.7/224.7 KB 197.8 MB/s eta 0:00:00[2022-04-12 11:06:31.042731] 
Collecting wheel==0.37.1
  Downloading wheel-0.37.1-py2.py3-none-any.whl (35 kB)
Collecting widgetsnbextension==3.6.0
  Downloading widgetsnbextension-3.6.0-py2.py3-none-any.whl (1.6 MB)
     â”â”â”â”â”â”â”â”â”â”â”â”â”â”â”â”â”â”â”â”â”â”â”â”â”â”â”â”â”â”â”â”â”â”â”â”â”â”â”â” 1.6/1.6 MB 203.7 MB/s eta 0:00:00[2022-04-12 11:06:31.196339] 
Collecting wrapt==1.14.0
  Downloading wrapt-1.14.0-cp37-cp37m-manylinux_2_5_x86_64.manylinux1_x86_64.manylinux_2_17_x86_64.manylinux2014_x86_64.whl (75 kB)
     â”â”â”â”â”â”â”â”â”â”â”â”â”â”â”â”â”â”â”â”â”â”â”â”â”â”â”â”â”â”â”â”â”â”â”â”â”â”â” 75.2/75.2 KB 161.5 MB/s eta 0:00:00[2022-04-12 11:06:31.365568] 
Collecting zipp==3.8.0
  Downloading zipp-3.8.0-py3-none-any.whl (5.4 kB)
Collecting cached-property
  Downloading cached_property-1.5.2-py2.py3-none-any.whl (7.6 kB)
Collecting ipython>=7.23.1
  Downloading ipython-7.32.0-py3-none-any.whl (793 kB)
     â”â”â”â”â”â”â”â”â”â”â”â”â”â”â”â”â”â”â”â”â”â”â”â”â”â”â”â”â”â”â”â”â”â”â”â”â” 793.9/793.9 KB 195.5 MB/s eta 0:00:00[2022-04-12 11:06:32.549478] 
Collecting importlib-resources>=1.4.0
  Downloading importlib_resources-5.6.0-py3-none-any.whl (28 kB)
Collecting pyzmq>=22.3
  Downloading pyzmq-22.3.0-cp37-cp37m-manylinux_2_5_x86_64.manylinux1_x86_64.whl (1.1 MB)
     â”â”â”â”â”â”â”â”â”â”â”â”â”â”â”â”â”â”â”â”â”â”â”â”â”â”â”â”â”â”â”â”â”â”â”â”â”â”â”â” 1.1/1.1 MB 202.1 MB/s eta 0:00:00[2022-04-12 11:06:33.125785] 
Collecting backports.zoneinfo
  Downloading backports.zoneinfo-0.2.1-cp37-cp37m-manylinux1_x86_64.whl (70 kB)
     â”â”â”â”â”â”â”â”â”â”â”â”â”â”â”â”â”â”â”â”â”â”â”â”â”â”â”â”â”â”â”â”â”â”â”â”â”â”â” 70.7/70.7 KB 126.3 MB/s eta 0:00:00[2022-04-12 11:06:34.322176] 
Collecting ptyprocess
  Downloading ptyprocess-0.7.0-py2.py3-none-any.whl (13 kB)
Collecting pexpect>4.3
  Downloading pexpect-4.8.0-py2.py3-none-any.whl (59 kB)
     â”â”â”â”â”â”â”â”â”â”â”â”â”â”â”â”â”â”â”â”â”â”â”â”â”â”â”â”â”â”â”â”â”â”â”â”â”â”â” 59.0/59.0 KB 133.0 MB/s eta 0:00:00[2022-04-12 11:06:35.856530] 
Building wheels for collected packages: imutils, dlib, blinker, face-recognition-models, playsound, termcolor
  Building wheel for imutils (setup.py): started
  Building wheel for imutils (setup.py): finished with status 'done'
  Created wheel for imutils: filename=imutils-0.5.4-py3-none-any.whl size=25861 sha256=434e90c63abced139ca6134b07ff8209aa2d0e27c9cfbd670769495262234411
  Stored in directory: /tmp/pip-ephem-wheel-cache-1xue0xgu/wheels/86/d7/0a/4923351ed1cec5d5e24c1eaf8905567b02a0343b24aa873df2
  Building wheel for dlib (setup.py): started
  Building wheel for dlib (setup.py): finished with status 'error'
  error: subprocess-exited-with-error
  
  Ã— python setup.py bdist_wheel did not run successfully.
  â”‚ exit code: 1
  â•°â”€> [186 lines of output]
      running bdist_wheel
      running build
      running build_py
      package init file 'tools/python/dlib/__init__.py' not found (or not a regular file)
      running build_ext
      Building extension for Python 3.7.13 (default, Mar 29 2022, 15:15:56)
      Invoking CMake setup: 'cmake /tmp/pip-install-0e5taio0/dlib_3b2853dd422642ad832a8e0f1b042df7/tools/python -DCMAKE_LIBRARY_OUTPUT_DIRECTORY=/tmp/pip-install-0e5taio0/dlib_3b2853dd422642ad832a8e0f1b042df7/build/lib.linux-x86_64-3.7 -DPYTHON_EXECUTABLE=/home/appuser/venv/bin/python -DCMAKE_BUILD_TYPE=Release'
      -- The C compiler identification is GNU 10.2.1
      -- The CXX compiler identification is GNU 10.2.1
      -- Detecting C compiler ABI info
      -- Detecting C compiler ABI info - done
      -- Check for working C compiler: /usr/bin/cc - skipped
      -- Detecting C compile features
      -- Detecting C compile features - done
      -- Detecting CXX compiler ABI info
      -- Detecting CXX compiler ABI info - done
      -- Check for working CXX compiler: /usr/bin/c++ - skipped
      -- Detecting CXX compile features
      -- Detecting CXX compile features - done
      -- Found PythonInterp: /home/appuser/venv/bin/python (found version "3.7.13")
      -- Found PythonLibs: /usr/local/lib/libpython3.7m.so
      -- Performing Test HAS_CPP14_FLAG
      -- Performing Test HAS_CPP14_FLAG - Success
      -- pybind11 v2.2.4
      -- Using CMake version: 3.18.4
      -- Compiling dlib version: 19.22.1
      -- SSE4 instructions can be executed by the host processor.
      -- AVX instructions can be executed by the host processor.
      -- Enabling AVX instructions
      -- Looking for pthread.h
      -- Looking for pthread.h - found
      -- Performing Test CMAKE_HAVE_LIBC_PTHREAD
      -- Performing Test CMAKE_HAVE_LIBC_PTHREAD - Failed
      -- Looking for pthread_create in pthreads
      -- Looking for pthread_create in pthreads - not found
      -- Looking for pthread_create in pthread
      -- Looking for pthread_create in pthread - found
      -- Found Threads: TRUE
      -- Could NOT find X11 (missing: X11_X11_INCLUDE_PATH X11_X11_LIB)
       *****************************************************************************
       *** DLIB GUI SUPPORT DISABLED BECAUSE X11 DEVELOPMENT LIBRARIES NOT FOUND ***
       *** Make sure libx11-dev is installed if you want GUI support.            ***
       *** On Ubuntu run: sudo apt-get install libx11-dev                        ***
       *****************************************************************************
      -- Searching for BLAS and LAPACK
      -- Searching for BLAS and LAPACK
      -- Could NOT find PkgConfig (missing: PKG_CONFIG_EXECUTABLE)
      -- Looking for cblas_ddot
      -- Looking for cblas_ddot - not found
      -- Looking for sys/types.h
      -- Looking for sys/types.h - found
      -- Looking for stdint.h
      -- Looking for stdint.h - found
      -- Looking for stddef.h
      -- Looking for stddef.h - found
      -- Check size of void*
      -- Check size of void* - done
       *****************************************************************************
       *** No BLAS library found so using dlib's built in BLAS.  However, if you ***
       *** install an optimized BLAS such as OpenBLAS or the Intel MKL your code ***
       *** will run faster.  On Ubuntu you can install OpenBLAS by executing:    ***
       ***    sudo apt-get install libopenblas-dev liblapack-dev                 ***
       *** Or you can easily install OpenBLAS from source by downloading the     ***
       *** source tar file from http://www.openblas.net, extracting it, and      ***
       *** running:                                                              ***
       ***    make; sudo make install                                            ***
       *****************************************************************************
      CUDA_TOOLKIT_ROOT_DIR not found or specified
      -- Could NOT find CUDA (missing: CUDA_TOOLKIT_ROOT_DIR CUDA_NVCC_EXECUTABLE CUDA_INCLUDE_DIRS CUDA_CUDART_LIBRARY) (Required is at least version "7.5")
      -- Found CUDA, but CMake was unable to find the cuBLAS libraries that should be part of every basic CUDA install. Your CUDA install is somehow broken or incomplete. Since cuBLAS is required for dlib to use CUDA we won't use CUDA.
      -- DID NOT FIND CUDA
      -- Disabling CUDA support for dlib.  DLIB WILL NOT USE CUDA
      -- C++11 activated.
      -- Configuring done
      -- Generating done
      -- Build files have been written to: /tmp/pip-install-0e5taio0/dlib_3b2853dd422642ad832a8e0f1b042df7/build/temp.linux-x86_64-3.7
      Invoking CMake build: 'cmake --build . --config Release -- -j32'
      Scanning dependencies of target dlib
      [  0%] Building CXX object dlib_build/CMakeFiles/dlib.dir/bigint/bigint_kernel_2.cpp.o
      [  1%] Building CXX object dlib_build/CMakeFiles/dlib.dir/bit_stream/bit_stream_kernel_1.cpp.o
      [  2%] Building CXX object dlib_build/CMakeFiles/dlib.dir/base64/base64_kernel_1.cpp.o
      [  3%] Building CXX object dlib_build/CMakeFiles/dlib.dir/tokenizer/tokenizer_kernel_1.cpp.o
      [  4%] Building CXX object dlib_build/CMakeFiles/dlib.dir/entropy_decoder/entropy_decoder_kernel_2.cpp.o
      [  5%] Building CXX object dlib_build/CMakeFiles/dlib.dir/md5/md5_kernel_1.cpp.o
      [  5%] Building CXX object dlib_build/CMakeFiles/dlib.dir/bigint/bigint_kernel_1.cpp.o
      [  6%] Building CXX object dlib_build/CMakeFiles/dlib.dir/entropy_decoder/entropy_decoder_kernel_1.cpp.o
      [  6%] Building CXX object dlib_build/CMakeFiles/dlib.dir/entropy_encoder/entropy_encoder_kernel_2.cpp.o
      [  7%] Building CXX object dlib_build/CMakeFiles/dlib.dir/entropy_encoder/entropy_encoder_kernel_1.cpp.o
      [  8%] Building CXX object dlib_build/CMakeFiles/dlib.dir/sockets/sockets_kernel_1.cpp.o
      [  8%] Building CXX object dlib_build/CMakeFiles/dlib.dir/unicode/unicode.cpp.o
      [  9%] Building CXX object dlib_build/CMakeFiles/dlib.dir/dir_nav/dir_nav_kernel_1.cpp.o
      [ 10%] Building CXX object dlib_build/CMakeFiles/dlib.dir/test_for_odr_violations.cpp.o
      [ 10%] Building CXX object dlib_build/CMakeFiles/dlib.dir/bsp/bsp.cpp.o
      [ 11%] Building CXX object dlib_build/CMakeFiles/dlib.dir/dir_nav/dir_nav_kernel_2.cpp.o
      [ 12%] Building CXX object dlib_build/CMakeFiles/dlib.dir/dir_nav/dir_nav_extensions.cpp.o
      [ 12%] Building CXX object dlib_build/CMakeFiles/dlib.dir/linker/linker_kernel_1.cpp.o
      [ 13%] Building CXX object dlib_build/CMakeFiles/dlib.dir/gui_widgets/fonts.cpp.o
      [ 14%] Building CXX object dlib_build/CMakeFiles/dlib.dir/logger/logger_kernel_1.cpp.o
      [ 14%] Building CXX object dlib_build/CMakeFiles/dlib.dir/logger/extra_logger_headers.cpp.o
      [ 14%] Building CXX object dlib_build/CMakeFiles/dlib.dir/logger/logger_config_file.cpp.o
      [ 14%] Building CXX object dlib_build/CMakeFiles/dlib.dir/sockets/sockets_extensions.cpp.o
      [ 15%] Building CXX object dlib_build/CMakeFiles/dlib.dir/misc_api/misc_api_kernel_1.cpp.o
      [ 16%] Building CXX object dlib_build/CMakeFiles/dlib.dir/misc_api/misc_api_kernel_2.cpp.o
      [ 17%] Building CXX object dlib_build/CMakeFiles/dlib.dir/sockets/sockets_kernel_2.cpp.o
      [ 18%] Building CXX object dlib_build/CMakeFiles/dlib.dir/sockstreambuf/sockstreambuf.cpp.o
      [ 19%] Building CXX object dlib_build/CMakeFiles/dlib.dir/server/server_kernel.cpp.o
      [ 19%] Building CXX object dlib_build/CMakeFiles/dlib.dir/sockstreambuf/sockstreambuf_unbuffered.cpp.o
      [ 20%] Building CXX object dlib_build/CMakeFiles/dlib.dir/server/server_iostream.cpp.o
      [ 20%] Building CXX object dlib_build/CMakeFiles/dlib.dir/server/server_http.cpp.o
      [ 21%] Building CXX object dlib_build/CMakeFiles/dlib.dir/threads/multithreaded_object_extension.cpp.o
      [ 22%] Building CXX object dlib_build/CMakeFiles/dlib.dir/threads/threaded_object_extension.cpp.o
      [ 22%] Building CXX object dlib_build/CMakeFiles/dlib.dir/threads/threads_kernel_1.cpp.o
      [ 23%] Building CXX object dlib_build/CMakeFiles/dlib.dir/threads/threads_kernel_2.cpp.o
      [ 24%] Building CXX object dlib_build/CMakeFiles/dlib.dir/threads/threads_kernel_shared.cpp.o
      [ 24%] Building CXX object dlib_build/CMakeFiles/dlib.dir/threads/thread_pool_extension.cpp.o
      [ 25%] Building CXX object dlib_build/CMakeFiles/dlib.dir/threads/async.cpp.o
      [ 25%] Building CXX object dlib_build/CMakeFiles/dlib.dir/timer/timer.cpp.o
      [ 26%] Building CXX object dlib_build/CMakeFiles/dlib.dir/stack_trace.cpp.o
      [ 27%] Building CXX object dlib_build/CMakeFiles/dlib.dir/cuda/cpu_dlib.cpp.o
      [ 27%] Building CXX object dlib_build/CMakeFiles/dlib.dir/cuda/tensor_tools.cpp.o
      [ 28%] Building CXX object dlib_build/CMakeFiles/dlib.dir/data_io/image_dataset_metadata.cpp.o
      [ 29%] Building CXX object dlib_build/CMakeFiles/dlib.dir/data_io/mnist.cpp.o
      [ 29%] Building CXX object dlib_build/CMakeFiles/dlib.dir/data_io/cifar.cpp.o
      [ 30%] Building CXX object dlib_build/CMakeFiles/dlib.dir/filtering/kalman_filter.cpp.o
      [ 31%] Building CXX object dlib_build/CMakeFiles/dlib.dir/global_optimization/global_function_search.cpp.o
      [ 31%] Building CXX object dlib_build/CMakeFiles/dlib.dir/svm/auto.cpp.o
      c++: fatal error: Killed signal terminated program cc1plus
      compilation terminated.
      gmake[2]: *** [dlib_build/CMakeFiles/dlib.dir/build.make:355: dlib_build/CMakeFiles/dlib.dir/logger/logger_config_file.cpp.o] Error 1
      gmake[2]: *** Waiting for unfinished jobs....
      [ 32%] Building C object dlib_build/CMakeFiles/dlib.dir/external/libpng/arm/arm_init.c.o
      c++: fatal error: Killed signal terminated program cc1plus
      compilation terminated.
      gmake[2]: *** [dlib_build/CMakeFiles/dlib.dir/build.make:342: dlib_build/CMakeFiles/dlib.dir/logger/logger_kernel_1.cpp.o] Error 1
      In file included from /tmp/pip-install-0e5taio0/dlib_3b2853dd422642ad832a8e0f1b042df7/dlib/filtering/../matrix.h:11,
                       from /tmp/pip-install-0e5taio0/dlib_3b2853dd422642ad832a8e0f1b042df7/dlib/filtering/kalman_filter.h:7,
                       from /tmp/pip-install-0e5taio0/dlib_3b2853dd422642ad832a8e0f1b042df7/dlib/filtering/kalman_filter.cpp:6:
      /tmp/pip-install-0e5taio0/dlib_3b2853dd422642ad832a8e0f1b042df7/dlib/filtering/../matrix/matrix_la.h: In function â€˜long int dlib::svd4(dlib::svd_u_mode, bool, const dlib::matrix_exp<EXP>&, dlib::matrix<typename EXP::type, uM, uN, MM1, L1>&, dlib::matrix<typename EXP::type, qN, qX, MM2, L1>&, dlib::matrix<typename EXP::type, vM, vN, MM3, L1>&) [with EXP = dlib::matrix_op<dlib::op_trans<dlib::matrix_op<dlib::op_trans<dlib::matrix<double, 1, 2, dlib::memory_manager_stateless_kernel_1<char>, dlib::row_major_layout> > > > >; long int qN = 1; long int qX = 1; long int uM = 1; long int uN = 1; long int vM = 2; long int vN = 1; MM1 = dlib::memory_manager_stateless_kernel_1<char>; MM2 = dlib::memory_manager_stateless_kernel_1<char>; MM3 = dlib::memory_manager_stateless_kernel_1<char>; L1 = dlib::row_major_layout]â€™:
      /tmp/pip-install-0e5taio0/dlib_3b2853dd422642ad832a8e0f1b042df7/dlib/filtering/../matrix/matrix_la.h:225:32: warning: iteration 1 invokes undefined behavior [-Waggressive-loop-optimizations]
        225 |             y = abs(q(i)) + abs(e(i));
            |                             ~~~^~~~~~
      /tmp/pip-install-0e5taio0/dlib_3b2853dd422642ad832a8e0f1b042df7/dlib/filtering/../matrix/matrix_la.h:163:20: note: within this loop
        163 |         for (i=0; i<n; i++)
            |                   ~^~
      gmake[1]: *** [CMakeFiles/Makefile2:163: dlib_build/CMakeFiles/dlib.dir/all] Error 2
      gmake: *** [Makefile:103: all] Error 2
      Traceback (most recent call last):
        File "<string>", line 36, in <module>
        File "<pip-setuptools-caller>", line 34, in <module>
        File "/tmp/pip-install-0e5taio0/dlib_3b2853dd422642ad832a8e0f1b042df7/setup.py", line 261, in <module>
          'Topic :: Software Development',
        File "/home/appuser/venv/lib/python3.7/site-packages/setuptools/__init__.py", line 77, in setup
          return distutils.core.setup(**attrs)
        File "/home/appuser/venv/lib/python3.7/site-packages/setuptools/_distutils/core.py", line 148, in setup
          return run_commands(dist)
        File "/home/appuser/venv/lib/python3.7/site-packages/setuptools/_distutils/core.py", line 163, in run_commands
          dist.run_commands()
        File "/home/appuser/venv/lib/python3.7/site-packages/setuptools/_distutils/dist.py", line 967, in run_commands
          self.run_command(cmd)
        File "/home/appuser/venv/lib/python3.7/site-packages/setuptools/dist.py", line 1196, in run_command
          super().run_command(command)
        File "/home/appuser/venv/lib/python3.7/site-packages/setuptools/_distutils/dist.py", line 986, in run_command
          cmd_obj.run()
        File "/home/appuser/venv/lib/python3.7/site-packages/wheel/bdist_wheel.py", line 299, in run
          self.run_command('build')
        File "/home/appuser/venv/lib/python3.7/site-packages/setuptools/_distutils/cmd.py", line 313, in run_command
          self.distribution.run_command(command)
        File "/home/appuser/venv/lib/python3.7/site-packages/setuptools/dist.py", line 1196, in run_command
          super().run_command(command)
        File "/home/appuser/venv/lib/python3.7/site-packages/setuptools/_distutils/dist.py", line 986, in run_command
          cmd_obj.run()
        File "/home/appuser/venv/lib/python3.7/site-packages/setuptools/_distutils/command/build.py", line 135, in run
          self.run_command(cmd_name)
        File "/home/appuser/venv/lib/python3.7/site-packages/setuptools/_distutils/cmd.py", line 313, in run_command
          self.distribution.run_command(command)
        File "/home/appuser/venv/lib/python3.7/site-packages/setuptools/dist.py", line 1196, in run_command
          super().run_command(command)
        File "/home/appuser/venv/lib/python3.7/site-packages/setuptools/_distutils/dist.py", line 986, in run_command
          cmd_obj.run()
        File "/tmp/pip-install-0e5taio0/dlib_3b2853dd422642ad832a8e0f1b042df7/setup.py", line 134, in run
          self.build_extension(ext)
        File "/tmp/pip-install-0e5taio0/dlib_3b2853dd422642ad832a8e0f1b042df7/setup.py", line 174, in build_extension
          subprocess.check_call(cmake_build, cwd=build_folder)
        File "/usr/local/lib/python3.7/subprocess.py", line 363, in check_call
          raise CalledProcessError(retcode, cmd)
      subprocess.CalledProcessError: Command '['cmake', '--build', '.', '--config', 'Release', '--', '-j32']' returned non-zero exit status 2.
      [end of output]
  
  note: This error originates from a subprocess, and is likely not a problem with pip.
  [35mERROR[0m: Failed building wheel for dlib
  Running setup.py clean for dlib
  Building wheel for blinker (setup.py): started
  Building wheel for blinker (setup.py): finished with status 'done'
  Created wheel for blinker: filename=blinker-1.4-py3-none-any.whl size=13478 sha256=1c943fbea04c6cc84fbc127c2a38e6e86776f15c615233da0a6b43d8023156a0
  Stored in directory: /tmp/pip-ephem-wheel-cache-1xue0xgu/wheels/22/f5/18/df711b66eb25b21325c132757d4314db9ac5e8dabeaf196eab
  Building wheel for face-recognition-models (setup.py): started
  Building wheel for face-recognition-models (setup.py): finished with status 'done'
  Created wheel for face-recognition-models: filename=face_recognition_models-0.3.0-py2.py3-none-any.whl size=100566186 sha256=7c1028b4d9fd0a9fd9a41797c1b046cc280563e27151a156d0e95e6ec3fc1b56
  Stored in directory: /tmp/pip-ephem-wheel-cache-1xue0xgu/wheels/d6/81/3c/884bcd5e1c120ff548d57c2ecc9ebf3281c9a6f7c0e7e7947a
  Building wheel for playsound (setup.py): started
  Building wheel for playsound (setup.py): finished with status 'done'
  Created wheel for playsound: filename=playsound-1.3.0-py3-none-any.whl size=7035 sha256=3e294ce139075506de7e0cc97decdfb1fcb78c01820d25ca4dfc5df7b14639e5
  Stored in directory: /tmp/pip-ephem-wheel-cache-1xue0xgu/wheels/ba/f8/bb/ea57c0146b664dca3a0ada4199b0ecb5f9dfcb7b7e22b65ba2
  Building wheel for termcolor (setup.py): started
  Building wheel for termcolor (setup.py): finished with status 'done'
  Created wheel for termcolor: filename=termcolor-1.1.0-py3-none-any.whl size=4848 sha256=373381cbdd066aeea4967cc5d65e0f239d6de45e66ce3cb6c5d967fbc420aae9
  Stored in directory: /tmp/pip-ephem-wheel-cache-1xue0xgu/wheels/3f/e3/ec/8a8336ff196023622fbcb36de0c5a5c218cbb24111d1d4c7f2
Successfully built imutils blinker face-recognition-models playsound termcolor
Failed to build dlib
Installing collected packages: webencodings, wcwidth, tf-estimator-nightly, termcolor, tensorboard-plugin-wit, Send2Trash, pytz, pyasn1, pure-eval, ptyprocess, playsound, pickleshare, netifaces, mistune, libclang, keras, ipython-genutils, imutils, flatbuffers, fastjsonschema, face-recognition-models, executing, dlib, cmake, certifi, cached-property, blinker, backcall, av, zipp, wrapt, wheel, Werkzeug, watchdog, urllib3, tzdata, typing_extensions, traitlets, tornado, toolz, toml, testpath, tensorflow-io-gcs-filesystem, tensorboard-data-server, soupsieve, smmap, six, setuptools, semver, rsa, pyzmq, pyrsistent, pyparsing, Pympler, Pygments, pycparser, pyasn1-modules, psutil, protobuf, prompt-toolkit, prometheus-client, pip, Pillow, pexpect, parso, pandocfilters, oauthlib, numpy, nest-asyncio, MarkupSafe, jupyterlab-widgets, idna, google-crc32c, gast, entrypoints, dnspython, defusedxml, decorator, debugpy, colorama, charset-normalizer, cachetools, backports.zoneinfo, attrs, validators, terminado, scipy, requests, pytz-deprecation-shim, python-dateutil, pyee, pyarrow, packaging, opt-einsum, opencv-python, matplotlib-inline, Keras-Preprocessing, jupyterlab-pygments, jupyter-core, Jinja2, jedi, importlib-resources, importlib-metadata, h5py, grpcio, google-pasta, google-auth, gitdb, cffi, beautifulsoup4, astunparse, asttokens, aioice, absl-py, tzlocal, stack-data, requests-oauthlib, pylibsrtp, pandas, Markdown, jupyter-client, jsonschema, ipython, GitPython, cryptography, click, bleach, argon2-cffi-bindings, nbformat, ipykernel, google-auth-oauthlib, face-recognition, argon2-cffi, altair, aiortc, tensorboard, nbclient, tensorflow, nbconvert, notebook, widgetsnbextension, ipywidgets, pydeck, streamlit, streamlit-webrtc
  Running setup.py install for dlib: started
  Running setup.py install for dlib: finished with status 'error'
  error: subprocess-exited-with-error
  
  Ã— Running setup.py install for dlib did not run successfully.
  â”‚ exit code: 1
  â•°â”€> [191 lines of output]
      running install
      /home/appuser/venv/lib/python3.7/site-packages/setuptools/command/install.py:37: SetuptoolsDeprecationWarning: setup.py install is deprecated. Use build and pip and other standards-based tools.
        setuptools.SetuptoolsDeprecationWarning,
      running build
      running build_py
      package init file 'tools/python/dlib/__init__.py' not found (or not a regular file)
      running build_ext
      Building extension for Python 3.7.13 (default, Mar 29 2022, 15:15:56)
      Invoking CMake setup: 'cmake /tmp/pip-install-0e5taio0/dlib_3b2853dd422642ad832a8e0f1b042df7/tools/python -DCMAKE_LIBRARY_OUTPUT_DIRECTORY=/tmp/pip-install-0e5taio0/dlib_3b2853dd422642ad832a8e0f1b042df7/build/lib.linux-x86_64-3.7 -DPYTHON_EXECUTABLE=/home/appuser/venv/bin/python -DCMAKE_BUILD_TYPE=Release'
      -- The C compiler identification is GNU 10.2.1
      -- The CXX compiler identification is GNU 10.2.1
      -- Detecting C compiler ABI info
      -- Detecting C compiler ABI info - done
      -- Check for working C compiler: /usr/bin/cc - skipped
      -- Detecting C compile features
      -- Detecting C compile features - done
      -- Detecting CXX compiler ABI info
      -- Detecting CXX compiler ABI info - done
      -- Check for working CXX compiler: /usr/bin/c++ - skipped
      -- Detecting CXX compile features
      -- Detecting CXX compile features - done
      -- Found PythonInterp: /home/appuser/venv/bin/python (found version "3.7.13")
      -- Found PythonLibs: /usr/local/lib/libpython3.7m.so
      -- Performing Test HAS_CPP14_FLAG
      -- Performing Test HAS_CPP14_FLAG - Success
      -- pybind11 v2.2.4
      -- Using CMake version: 3.18.4
      -- Compiling dlib version: 19.22.1
      -- SSE4 instructions can be executed by the host processor.
      -- AVX instructions can be executed by the host processor.
      -- Enabling AVX instructions
      -- Looking for pthread.h
      -- Looking for pthread.h - found
      -- Performing Test CMAKE_HAVE_LIBC_PTHREAD
      -- Performing Test CMAKE_HAVE_LIBC_PTHREAD - Failed
      -- Looking for pthread_create in pthreads
      -- Looking for pthread_create in pthreads - not found
      -- Looking for pthread_create in pthread
      -- Looking for pthread_create in pthread - found
      -- Found Threads: TRUE
      -- Could NOT find X11 (missing: X11_X11_INCLUDE_PATH X11_X11_LIB)
       *****************************************************************************
       *** DLIB GUI SUPPORT DISABLED BECAUSE X11 DEVELOPMENT LIBRARIES NOT FOUND ***
       *** Make sure libx11-dev is installed if you want GUI support.            ***
       *** On Ubuntu run: sudo apt-get install libx11-dev                        ***
       *****************************************************************************
      -- Searching for BLAS and LAPACK
      -- Searching for BLAS and LAPACK
      -- Could NOT find PkgConfig (missing: PKG_CONFIG_EXECUTABLE)
      -- Looking for cblas_ddot
      -- Looking for cblas_ddot - not found
      -- Looking for sys/types.h
      -- Looking for sys/types.h - found
      -- Looking for stdint.h
      -- Looking for stdint.h - found
      -- Looking for stddef.h
      -- Looking for stddef.h - found
      -- Check size of void*
      -- Check size of void* - done
       *****************************************************************************
       *** No BLAS library found so using dlib's built in BLAS.  However, if you ***
       *** install an optimized BLAS such as OpenBLAS or the Intel MKL your code ***
       *** will run faster.  On Ubuntu you can install OpenBLAS by executing:    ***
       ***    sudo apt-get install libopenblas-dev liblapack-dev                 ***
       *** Or you can easily install OpenBLAS from source by downloading the     ***
       *** source tar file from http://www.openblas.net, extracting it, and      ***
       *** running:                                                              ***
       ***    make; sudo make install                                            ***
       *****************************************************************************
      CUDA_TOOLKIT_ROOT_DIR not found or specified
      -- Could NOT find CUDA (missing: CUDA_TOOLKIT_ROOT_DIR CUDA_NVCC_EXECUTABLE CUDA_INCLUDE_DIRS CUDA_CUDART_LIBRARY) (Required is at least version "7.5")
      -- Found CUDA, but CMake was unable to find the cuBLAS libraries that should be part of every basic CUDA install. Your CUDA install is somehow broken or incomplete. Since cuBLAS is required for dlib to use CUDA we won't use CUDA.
      -- DID NOT FIND CUDA
      -- Disabling CUDA support for dlib.  DLIB WILL NOT USE CUDA
      -- C++11 activated.
      -- Configuring done
      -- Generating done
      -- Build files have been written to: /tmp/pip-install-0e5taio0/dlib_3b2853dd422642ad832a8e0f1b042df7/build/temp.linux-x86_64-3.7
      Invoking CMake build: 'cmake --build . --config Release -- -j32'
      Scanning dependencies of target dlib
      [  1%] Building CXX object dlib_build/CMakeFiles/dlib.dir/bit_stream/bit_stream_kernel_1.cpp.o
      [  2%] Building CXX object dlib_build/CMakeFiles/dlib.dir/bigint/bigint_kernel_1.cpp.o
      [  3%] Building CXX object dlib_build/CMakeFiles/dlib.dir/entropy_decoder/entropy_decoder_kernel_1.cpp.o
      [  3%] Building CXX object dlib_build/CMakeFiles/dlib.dir/bigint/bigint_kernel_2.cpp.o
      [  4%] Building CXX object dlib_build/CMakeFiles/dlib.dir/base64/base64_kernel_1.cpp.o
      [  5%] Building CXX object dlib_build/CMakeFiles/dlib.dir/entropy_encoder/entropy_encoder_kernel_1.cpp.o
      [  5%] Building CXX object dlib_build/CMakeFiles/dlib.dir/unicode/unicode.cpp.o
      [  5%] Building CXX object dlib_build/CMakeFiles/dlib.dir/entropy_decoder/entropy_decoder_kernel_2.cpp.o
      [  5%] Building CXX object dlib_build/CMakeFiles/dlib.dir/entropy_encoder/entropy_encoder_kernel_2.cpp.o
      [  6%] Building CXX object dlib_build/CMakeFiles/dlib.dir/md5/md5_kernel_1.cpp.o
      [  7%] Building CXX object dlib_build/CMakeFiles/dlib.dir/tokenizer/tokenizer_kernel_1.cpp.o
      [  9%] Building CXX object dlib_build/CMakeFiles/dlib.dir/dir_nav/dir_nav_kernel_1.cpp.o
      [  9%] Building CXX object dlib_build/CMakeFiles/dlib.dir/sockets/sockets_kernel_1.cpp.o
      [ 10%] Building CXX object dlib_build/CMakeFiles/dlib.dir/test_for_odr_violations.cpp.o
      [ 10%] Building CXX object dlib_build/CMakeFiles/dlib.dir/bsp/bsp.cpp.o
      [ 11%] Building CXX object dlib_build/CMakeFiles/dlib.dir/dir_nav/dir_nav_kernel_2.cpp.o
      [ 11%] Building CXX object dlib_build/CMakeFiles/dlib.dir/dir_nav/dir_nav_extensions.cpp.o
      [ 13%] Building CXX object dlib_build/CMakeFiles/dlib.dir/gui_widgets/fonts.cpp.o
      [ 13%] Building CXX object dlib_build/CMakeFiles/dlib.dir/linker/linker_kernel_1.cpp.o
      [ 13%] Building CXX object dlib_build/CMakeFiles/dlib.dir/logger/extra_logger_headers.cpp.o
      [ 14%] Building CXX object dlib_build/CMakeFiles/dlib.dir/logger/logger_kernel_1.cpp.o
      [ 14%] Building CXX object dlib_build/CMakeFiles/dlib.dir/logger/logger_config_file.cpp.o
      [ 15%] Building CXX object dlib_build/CMakeFiles/dlib.dir/misc_api/misc_api_kernel_1.cpp.o
      [ 16%] Building CXX object dlib_build/CMakeFiles/dlib.dir/misc_api/misc_api_kernel_2.cpp.o
      [ 16%] Building CXX object dlib_build/CMakeFiles/dlib.dir/sockets/sockets_extensions.cpp.o
      [ 17%] Building CXX object dlib_build/CMakeFiles/dlib.dir/sockets/sockets_kernel_2.cpp.o
      [ 17%] Building CXX object dlib_build/CMakeFiles/dlib.dir/sockstreambuf/sockstreambuf_unbuffered.cpp.o
      [ 18%] Building CXX object dlib_build/CMakeFiles/dlib.dir/sockstreambuf/sockstreambuf.cpp.o
      [ 19%] Building CXX object dlib_build/CMakeFiles/dlib.dir/server/server_kernel.cpp.o
      [ 20%] Building CXX object dlib_build/CMakeFiles/dlib.dir/server/server_iostream.cpp.o
      [ 20%] Building CXX object dlib_build/CMakeFiles/dlib.dir/server/server_http.cpp.o
      [ 21%] Building CXX object dlib_build/CMakeFiles/dlib.dir/threads/multithreaded_object_extension.cpp.o
      [ 22%] Building CXX object dlib_build/CMakeFiles/dlib.dir/threads/threaded_object_extension.cpp.o
      [ 22%] Building CXX object dlib_build/CMakeFiles/dlib.dir/threads/threads_kernel_1.cpp.o
      [ 23%] Building CXX object dlib_build/CMakeFiles/dlib.dir/threads/threads_kernel_2.cpp.o
      [ 24%] Building CXX object dlib_build/CMakeFiles/dlib.dir/threads/threads_kernel_shared.cpp.o
      [ 24%] Building CXX object dlib_build/CMakeFiles/dlib.dir/threads/thread_pool_extension.cpp.o
      [ 25%] Building CXX object dlib_build/CMakeFiles/dlib.dir/threads/async.cpp.o
      [ 25%] Building CXX object dlib_build/CMakeFiles/dlib.dir/timer/timer.cpp.o
      [ 26%] Building CXX object dlib_build/CMakeFiles/dlib.dir/cuda/cpu_dlib.cpp.o
      [ 27%] Building CXX object dlib_build/CMakeFiles/dlib.dir/stack_trace.cpp.o
      [ 27%] Building CXX object dlib_build/CMakeFiles/dlib.dir/cuda/tensor_tools.cpp.o
      [ 28%] Building CXX object dlib_build/CMakeFiles/dlib.dir/data_io/image_dataset_metadata.cpp.o
      [ 29%] Building CXX object dlib_build/CMakeFiles/dlib.dir/data_io/mnist.cpp.o
      [ 29%] Building CXX object dlib_build/CMakeFiles/dlib.dir/data_io/cifar.cpp.o
      [ 30%] Building CXX object dlib_build/CMakeFiles/dlib.dir/global_optimization/global_function_search.cpp.o
      [ 31%] Building CXX object dlib_build/CMakeFiles/dlib.dir/filtering/kalman_filter.cpp.o
      [ 31%] Building CXX object dlib_build/CMakeFiles/dlib.dir/svm/auto.cpp.o
      [ 32%] Building C object dlib_build/CMakeFiles/dlib.dir/external/libpng/arm/arm_init.c.o
      c++: fatal error: Killed signal terminated program cc1plus
      compilation terminated.
      gmake[2]: *** [dlib_build/CMakeFiles/dlib.dir/build.make:303: dlib_build/CMakeFiles/dlib.dir/gui_widgets/fonts.cpp.o] Error 1
      gmake[2]: *** Waiting for unfinished jobs....
      [ 33%] Building C object dlib_build/CMakeFiles/dlib.dir/external/libpng/arm/filter_neon_intrinsics.c.o
      c++: fatal error: Killed signal terminated program cc1plus
      compilation terminated.
      gmake[2]: *** [dlib_build/CMakeFiles/dlib.dir/build.make:342: dlib_build/CMakeFiles/dlib.dir/logger/logger_kernel_1.cpp.o] Error 1
      In file included from /tmp/pip-install-0e5taio0/dlib_3b2853dd422642ad832a8e0f1b042df7/dlib/filtering/../matrix.h:11,
                       from /tmp/pip-install-0e5taio0/dlib_3b2853dd422642ad832a8e0f1b042df7/dlib/filtering/kalman_filter.h:7,
                       from /tmp/pip-install-0e5taio0/dlib_3b2853dd422642ad832a8e0f1b042df7/dlib/filtering/kalman_filter.cpp:6:
      /tmp/pip-install-0e5taio0/dlib_3b2853dd422642ad832a8e0f1b042df7/dlib/filtering/../matrix/matrix_la.h: In function â€˜long int dlib::svd4(dlib::svd_u_mode, bool, const dlib::matrix_exp<EXP>&, dlib::matrix<typename EXP::type, uM, uN, MM1, L1>&, dlib::matrix<typename EXP::type, qN, qX, MM2, L1>&, dlib::matrix<typename EXP::type, vM, vN, MM3, L1>&) [with EXP = dlib::matrix_op<dlib::op_trans<dlib::matrix_op<dlib::op_trans<dlib::matrix<double, 1, 2, dlib::memory_manager_stateless_kernel_1<char>, dlib::row_major_layout> > > > >; long int qN = 1; long int qX = 1; long int uM = 1; long int uN = 1; long int vM = 2; long int vN = 1; MM1 = dlib::memory_manager_stateless_kernel_1<char>; MM2 = dlib::memory_manager_stateless_kernel_1<char>; MM3 = dlib::memory_manager_stateless_kernel_1<char>; L1 = dlib::row_major_layout]â€™:
      /tmp/pip-install-0e5taio0/dlib_3b2853dd422642ad832a8e0f1b042df7/dlib/filtering/../matrix/matrix_la.h:225:32: warning: iteration 1 invokes undefined behavior [-Waggressive-loop-optimizations]
        225 |             y = abs(q(i)) + abs(e(i));
            |                             ~~~^~~~~~
      /tmp/pip-install-0e5taio0/dlib_3b2853dd422642ad832a8e0f1b042df7/dlib/filtering/../matrix/matrix_la.h:163:20: note: within this loop
        163 |         for (i=0; i<n; i++)
            |                   ~^~
      gmake[1]: *** [CMakeFiles/Makefile2:163: dlib_build/CMakeFiles/dlib.dir/all] Error 2
      gmake: *** [Makefile:103: all] Error 2
      Traceback (most recent call last):
        File "<string>", line 36, in <module>
        File "<pip-setuptools-caller>", line 34, in <module>
        File "/tmp/pip-install-0e5taio0/dlib_3b2853dd422642ad832a8e0f1b042df7/setup.py", line 261, in <module>
          'Topic :: Software Development',
        File "/home/appuser/venv/lib/python3.7/site-packages/setuptools/__init__.py", line 77, in setup
          return distutils.core.setup(**attrs)
        File "/home/appuser/venv/lib/python3.7/site-packages/setuptools/_distutils/core.py", line 148, in setup
          return run_commands(dist)
        File "/home/appuser/venv/lib/python3.7/site-packages/setuptools/_distutils/core.py", line 163, in run_commands
          dist.run_commands()
        File "/home/appuser/venv/lib/python3.7/site-packages/setuptools/_distutils/dist.py", line 967, in run_commands
          self.run_command(cmd)
        File "/home/appuser/venv/lib/python3.7/site-packages/setuptools/dist.py", line 1196, in run_command
          super().run_command(command)
        File "/home/appuser/venv/lib/python3.7/site-packages/setuptools/_distutils/dist.py", line 986, in run_command
          cmd_obj.run()
        File "/home/appuser/venv/lib/python3.7/site-packages/setuptools/command/install.py", line 68, in run
          return orig.install.run(self)
        File "/home/appuser/venv/lib/python3.7/site-packages/setuptools/_distutils/command/install.py", line 670, in run
          self.run_command('build')
        File "/home/appuser/venv/lib/python3.7/site-packages/setuptools/_distutils/cmd.py", line 313, in run_command
          self.distribution.run_command(command)
        File "/home/appuser/venv/lib/python3.7/site-packages/setuptools/dist.py", line 1196, in run_command
          super().run_command(command)
        File "/home/appuser/venv/lib/python3.7/site-packages/setuptools/_distutils/dist.py", line 986, in run_command
          cmd_obj.run()
        File "/home/appuser/venv/lib/python3.7/site-packages/setuptools/_distutils/command/build.py", line 135, in run
          self.run_command(cmd_name)
        File "/home/appuser/venv/lib/python3.7/site-packages/setuptools/_distutils/cmd.py", line 313, in run_command
          self.distribution.run_command(command)
        File "/home/appuser/venv/lib/python3.7/site-packages/setuptools/dist.py", line 1196, in run_command
          super().run_command(command)
        File "/home/appuser/venv/lib/python3.7/site-packages/setuptools/_distutils/dist.py", line 986, in run_command
          cmd_obj.run()
        File "/tmp/pip-install-0e5taio0/dlib_3b2853dd422642ad832a8e0f1b042df7/setup.py", line 134, in run
          self.build_extension(ext)
        File "/tmp/pip-install-0e5taio0/dlib_3b2853dd422642ad832a8e0f1b042df7/setup.py", line 174, in build_extension
          subprocess.check_call(cmake_build, cwd=build_folder)
        File "/usr/local/lib/python3.7/subprocess.py", line 363, in check_call
          raise CalledProcessError(retcode, cmd)
      subprocess.CalledProcessError: Command '['cmake', '--build', '.', '--config', 'Release', '--', '-j32']' returned non-zero exit status 2.
      [end of output]
  
  note: This error originates from a subprocess, and is likely not a problem with pip.
error: legacy-install-failure

Ã— Encountered error while trying to install package.
â•°â”€> dlib

note: This is an issue with the package mentioned above, not pip.
hint: See above for output from the failure.
[35mWARNING[0m: You are using pip version 22.0.3; however, version 22.0.4 is available.
You should consider upgrading via the '/home/appuser/venv/bin/python -m pip install --upgrade pip' command.
[32m[manager] [0minstaller returned a non-zero exit code
[32m[manager] [0mError during processing dependencies! Please fix the error and push an update, or try restarting the app.
[32m[manager] [0mStreamlit server consistently failed status checks
[32m[manager] [0mPlease fix the errors, push an update to the git repo, or reboot the app.